Replace Part C1 Cap Pol1 in C:\Users\Public\Documents\Altium\Projects\Auxillary_Supply_UCC28740\Auxillary_Supply_UCC28740.SchDoc with Cap Pol1 from Miscellaneous Devices.IntLib
Replace Part C2 Cap Pol1 in C:\Users\Public\Documents\Altium\Projects\Auxillary_Supply_UCC28740\Auxillary_Supply_UCC28740.SchDoc with Cap Pol1 from Miscellaneous Devices.IntLib
Replace Part C3 Cap Pol1 in C:\Users\Public\Documents\Altium\Projects\Auxillary_Supply_UCC28740\Auxillary_Supply_UCC28740.SchDoc with Cap Pol1 from Miscellaneous Devices.IntLib
Replace Part C4 Cap Pol1 in C:\Users\Public\Documents\Altium\Projects\Auxillary_Supply_UCC28740\Auxillary_Supply_UCC28740.SchDoc with Cap Pol1 from Miscellaneous Devices.IntLib
Update Managed Component C5 From CMP-2000-05396-1[C3216X5R1A107M160AC] To CMP-2000-05396-1[C3216X5R1A107M160AC] in Auxillary_Supply_UCC28740.SchDoc
Update Managed Component C6 From CMP-2000-06216-1[EEEFP1V470AP] To CMP-2000-06216-1[EEEFP1V470AP] in Auxillary_Supply_UCC28740.SchDoc
Replace Part C7 Cap in C:\Users\Public\Documents\Altium\Projects\Auxillary_Supply_UCC28740\Auxillary_Supply_UCC28740.SchDoc with Cap from Miscellaneous Devices.IntLib
Update Managed Component C8 From CMP-2000-06216-1[EEEFP1V470AP] To CMP-2000-06216-1[EEEFP1V470AP] in Auxillary_Supply_UCC28740.SchDoc
Replace Part C9 Cap in C:\Users\Public\Documents\Altium\Projects\Auxillary_Supply_UCC28740\Auxillary_Supply_UCC28740.SchDoc with Cap from Miscellaneous Devices.IntLib
Update Managed Component C10 From CMP-2000-06216-1[47uF] To CMP-2000-06216-1[EEEFP1V470AP] in Auxillary_Supply_UCC28740.SchDoc
Update Managed Component C11 From CMP-2000-06216-1[47uF] To CMP-2000-06216-1[EEEFP1V470AP] in Auxillary_Supply_UCC28740.SchDoc
Update Managed Component C12 From CMP-2000-06216-1[EEEFP1V470AP] To CMP-2000-06216-1[EEEFP1V470AP] in Auxillary_Supply_UCC28740.SchDoc
Update Managed Component C13 From CMP-2000-06216-1[EEEFP1V470AP] To CMP-2000-06216-1[EEEFP1V470AP] in Auxillary_Supply_UCC28740.SchDoc
Replace Part C14 Cap in C:\Users\Public\Documents\Altium\Projects\Auxillary_Supply_UCC28740\Auxillary_Supply_UCC28740.SchDoc with Cap from Miscellaneous Devices.IntLib
Update Managed Component C15 From CMP-2000-05396-1[C3216X5R1A107M160AC] To CMP-2000-05396-1[C3216X5R1A107M160AC] in Auxillary_Supply_UCC28740.SchDoc
Update Managed Component C16 From CMP-2000-05396-1[C3216X5R1A107M160AC] To CMP-2000-05396-1[C3216X5R1A107M160AC] in Auxillary_Supply_UCC28740.SchDoc
Update Managed Component C17 From CMP-2000-05396-1[C3216X5R1A107M160AC] To CMP-2000-05396-1[C3216X5R1A107M160AC] in Auxillary_Supply_UCC28740.SchDoc
Update Managed Component C18 From CMP-2000-06216-1[47uF] To CMP-2000-06216-1[EEEFP1V470AP] in Auxillary_Supply_UCC28740.SchDoc
Replace Part C19 Cap in C:\Users\Public\Documents\Altium\Projects\Auxillary_Supply_UCC28740\Auxillary_Supply_UCC28740.SchDoc with Cap from Miscellaneous Devices.IntLib
Update Managed Component C20 From CMP-2000-06216-1[47uF] To CMP-2000-06216-1[EEEFP1V470AP] in Auxillary_Supply_UCC28740.SchDoc
Replace Part C21 Cap in C:\Users\Public\Documents\Altium\Projects\Auxillary_Supply_UCC28740\Auxillary_Supply_UCC28740.SchDoc with Cap from Miscellaneous Devices.IntLib
Update Managed Component C22 From CMP-2000-06216-1[EEEFP1V470AP] To CMP-2000-06216-1[EEEFP1V470AP] in Auxillary_Supply_UCC28740.SchDoc
Replace Part C23 Cap in C:\Users\Public\Documents\Altium\Projects\Auxillary_Supply_UCC28740\Auxillary_Supply_UCC28740.SchDoc with Cap from Miscellaneous Devices.IntLib
Update Managed Component C24 From CMP-2000-06216-1[EEEFP1V470AP] To CMP-2000-06216-1[EEEFP1V470AP] in Auxillary_Supply_UCC28740.SchDoc
Replace Part C25 Cap in C:\Users\Public\Documents\Altium\Projects\Auxillary_Supply_UCC28740\Auxillary_Supply_UCC28740.SchDoc with Cap from Miscellaneous Devices.IntLib
Replace Part D1 Bridge1 in C:\Users\Public\Documents\Altium\Projects\Auxillary_Supply_UCC28740\Auxillary_Supply_UCC28740.SchDoc with Bridge1 from Miscellaneous Devices.IntLib
Replace Part D2 11DQ06 in C:\Users\Public\Documents\Altium\Projects\Auxillary_Supply_UCC28740\Auxillary_Supply_UCC28740.SchDoc with 11DQ06 from IR Rectifier - Schottky.IntLib
Update Managed Component D3 From CMP-2000-07095-1[SMBJ33A] To CMP-2000-07095-1[SMBJ33A] in Auxillary_Supply_UCC28740.SchDoc
Update Managed Component D4 From CMP-2000-07150-1[SS36-E3/57T] To CMP-2000-07150-1[SS36-E3/57T] in Auxillary_Supply_UCC28740.SchDoc
Replace Part D5 11DQ06 in C:\Users\Public\Documents\Altium\Projects\Auxillary_Supply_UCC28740\Auxillary_Supply_UCC28740.SchDoc with 11DQ06 from IR Rectifier - Schottky.IntLib
Update Managed Component D6 From CMP-2000-07150-1[SS36-E3/57T] To CMP-2000-07150-1[SS36-E3/57T] in Auxillary_Supply_UCC28740.SchDoc
Replace Part D7 11DQ06 in C:\Users\Public\Documents\Altium\Projects\Auxillary_Supply_UCC28740\Auxillary_Supply_UCC28740.SchDoc with 11DQ06 from IR Rectifier - Schottky.IntLib
Update Managed Component L1 From CMP-2000-06084-1[CDRH127NP-100MC] To CMP-2000-06084-1[CDRH127NP-100MC] in Auxillary_Supply_UCC28740.SchDoc
Replace Part P1 Header 6X2H in C:\Users\Public\Documents\Altium\Projects\Auxillary_Supply_UCC28740\Auxillary_Supply_UCC28740.SchDoc with Header 6X2H from Miscellaneous Connectors.IntLib
Replace Part P2 Header 6X2H in C:\Users\Public\Documents\Altium\Projects\Auxillary_Supply_UCC28740\Auxillary_Supply_UCC28740.SchDoc with Header 6X2H from Miscellaneous Connectors.IntLib
Replace Part Q1 NMOS-2 in C:\Users\Public\Documents\Altium\Projects\Auxillary_Supply_UCC28740\Auxillary_Supply_UCC28740.SchDoc with NMOS-2 from Miscellaneous Devices.IntLib
Replace Part R1 Res1 in C:\Users\Public\Documents\Altium\Projects\Auxillary_Supply_UCC28740\Auxillary_Supply_UCC28740.SchDoc with Res1 from Miscellaneous Devices.IntLib
Replace Part R2 Res1 in C:\Users\Public\Documents\Altium\Projects\Auxillary_Supply_UCC28740\Auxillary_Supply_UCC28740.SchDoc with Res1 from Miscellaneous Devices.IntLib
Replace Part R3 Res1 in C:\Users\Public\Documents\Altium\Projects\Auxillary_Supply_UCC28740\Auxillary_Supply_UCC28740.SchDoc with Res1 from Miscellaneous Devices.IntLib
Replace Part R4 Res1 in C:\Users\Public\Documents\Altium\Projects\Auxillary_Supply_UCC28740\Auxillary_Supply_UCC28740.SchDoc with Res1 from Miscellaneous Devices.IntLib
Replace Part R5 Res1 in C:\Users\Public\Documents\Altium\Projects\Auxillary_Supply_UCC28740\Auxillary_Supply_UCC28740.SchDoc with Res1 from Miscellaneous Devices.IntLib
Replace Part R6 Res1 in C:\Users\Public\Documents\Altium\Projects\Auxillary_Supply_UCC28740\Auxillary_Supply_UCC28740.SchDoc with Res1 from Miscellaneous Devices.IntLib
Replace Part R7 Res1 in C:\Users\Public\Documents\Altium\Projects\Auxillary_Supply_UCC28740\Auxillary_Supply_UCC28740.SchDoc with Res1 from Miscellaneous Devices.IntLib
Replace Part R8 Res1 in C:\Users\Public\Documents\Altium\Projects\Auxillary_Supply_UCC28740\Auxillary_Supply_UCC28740.SchDoc with Res1 from Miscellaneous Devices.IntLib
Replace Part R9 Res1 in C:\Users\Public\Documents\Altium\Projects\Auxillary_Supply_UCC28740\Auxillary_Supply_UCC28740.SchDoc with Res1 from Miscellaneous Devices.IntLib
Replace Part R10 Res1 in C:\Users\Public\Documents\Altium\Projects\Auxillary_Supply_UCC28740\Auxillary_Supply_UCC28740.SchDoc with Res1 from Miscellaneous Devices.IntLib
Replace Part R11 Res1 in C:\Users\Public\Documents\Altium\Projects\Auxillary_Supply_UCC28740\Auxillary_Supply_UCC28740.SchDoc with Res1 from Miscellaneous Devices.IntLib
Replace Part R12 Res1 in C:\Users\Public\Documents\Altium\Projects\Auxillary_Supply_UCC28740\Auxillary_Supply_UCC28740.SchDoc with Res1 from Miscellaneous Devices.IntLib
Replace Part R13 Res1 in C:\Users\Public\Documents\Altium\Projects\Auxillary_Supply_UCC28740\Auxillary_Supply_UCC28740.SchDoc with Res1 from Miscellaneous Devices.IntLib
Replace Part R14 Res1 in C:\Users\Public\Documents\Altium\Projects\Auxillary_Supply_UCC28740\Auxillary_Supply_UCC28740.SchDoc with Res1 from Miscellaneous Devices.IntLib
Replace Part R15 Res1 in C:\Users\Public\Documents\Altium\Projects\Auxillary_Supply_UCC28740\Auxillary_Supply_UCC28740.SchDoc with Res1 from Miscellaneous Devices.IntLib
Replace Part R16 Res1 in C:\Users\Public\Documents\Altium\Projects\Auxillary_Supply_UCC28740\Auxillary_Supply_UCC28740.SchDoc with Res1 from Miscellaneous Devices.IntLib
Replace Part T1 EE25-Epcos Horizontal in C:\Users\Public\Documents\Altium\Projects\Auxillary_Supply_UCC28740\Auxillary_Supply_UCC28740.SchDoc with EE25-Epcos Horizontal from Auxillary_Supply_UCC28740.SchLib
Replace Part TP1 Socket in C:\Users\Public\Documents\Altium\Projects\Auxillary_Supply_UCC28740\Auxillary_Supply_UCC28740.SchDoc with Socket from Miscellaneous Connectors.IntLib
Replace Part U1 UCC28740-Q1 in C:\Users\Public\Documents\Altium\Projects\Auxillary_Supply_UCC28740\Auxillary_Supply_UCC28740.SchDoc with UCC28740-Q1 from Auxillary_Supply_UCC28740.SchLib
Replace Part U2 Optoisolator1 in C:\Users\Public\Documents\Altium\Projects\Auxillary_Supply_UCC28740\Auxillary_Supply_UCC28740.SchDoc with Optoisolator1 from Miscellaneous Devices.IntLib
Update Managed Component U3 From CMP-0366-01028-2[TL431ACDBZR] To CMP-0366-01028-2[TL431ACDBZR] in Auxillary_Supply_UCC28740.SchDoc
Replace Part VR1 Volt Reg in C:\Users\Public\Documents\Altium\Projects\Auxillary_Supply_UCC28740\Auxillary_Supply_UCC28740.SchDoc with Volt Reg from Miscellaneous Devices.IntLib
Replace Part VR2 Volt Reg in C:\Users\Public\Documents\Altium\Projects\Auxillary_Supply_UCC28740\Auxillary_Supply_UCC28740.SchDoc with Volt Reg from Miscellaneous Devices.IntLib
Replace Part VR3 Volt Reg in C:\Users\Public\Documents\Altium\Projects\Auxillary_Supply_UCC28740\Auxillary_Supply_UCC28740.SchDoc with Volt Reg from Miscellaneous Devices.IntLib
Replace Part VR4 Volt Reg in C:\Users\Public\Documents\Altium\Projects\Auxillary_Supply_UCC28740\Auxillary_Supply_UCC28740.SchDoc with Volt Reg from Miscellaneous Devices.IntLib
