Added Component: Designator=P3(Header_6X2)
Add component (AddParameter): Name = "LatestRevisionDate"; Value = "17-Jul-2002"; VariantName = "[No Variations]"
Add component (AddParameter): Name = "LatestRevisionNote"; Value = "Re-released for DXP Platform."; VariantName = "[No Variations]"
Add component (AddParameter): Name = "Publisher"; Value = "Altium Limited"; VariantName = "[No Variations]"
Added Component: Designator=TP1(PIN1)
Add component (AddParameter): Name = "LatestRevisionDate"; Value = "17-Jul-2002"; VariantName = "[No Variations]"
Add component (AddParameter): Name = "LatestRevisionNote"; Value = "Re-released for DXP Platform."; VariantName = "[No Variations]"
Add component (AddParameter): Name = "Publisher"; Value = "Altium Limited"; VariantName = "[No Variations]"
Added Pin To Net: NetName=15V_A Pin=P3-1
Added Pin To Net: NetName=15V_A Pin=P3-2
Added Pin To Net: NetName=GNDA Pin=P3-3
Added Pin To Net: NetName=GNDA Pin=P3-4
Added Pin To Net: NetName=GNDA Pin=P3-5
Added Pin To Net: NetName=GNDA Pin=P3-6
Added Pin To Net: NetName=GNDB Pin=P3-7
Added Pin To Net: NetName=GNDB Pin=P3-8
Added Pin To Net: NetName=GNDB Pin=P3-9
Added Pin To Net: NetName=GNDB Pin=P3-10
Added Pin To Net: NetName=15V_B Pin=P3-11
Added Pin To Net: NetName=15V_B Pin=P3-12
Added Pin To Net: NetName=VS Pin=TP1-1
Change Net Color : Old Net Color=RGB(255, 110, 110) New Net Color=Default
Added Member To Class: ClassName=Auxillary_Supply_UCC28740 Member=Component P3 Header 6X2H
Added Member To Class: ClassName=Auxillary_Supply_UCC28740 Member=Component TP1 Test Point
Added Room: Name=Auxillary_Supply_UCC28740
