Added Component: Designator=C1(10uF_400V)
Add component (AddParameter): Name = "LatestRevisionDate"; Value = "17-Jul-2002"; VariantName = "[No Variations]"
Add component (AddParameter): Name = "LatestRevisionNote"; Value = "Re-released for DXP Platform."; VariantName = "[No Variations]"
Add component (AddParameter): Name = "PackageDescription"; Value = "Polarized Capacitor (Radial); 2 Leads"; VariantName = "[No Variations]"
Add component (AddParameter): Name = "PackageReference"; Value = "RB7.6-15"; VariantName = "[No Variations]"
Add component (AddParameter): Name = "Published"; Value = "8-Jun-2000"; VariantName = "[No Variations]"
Add component (AddParameter): Name = "Publisher"; Value = "Altium Limited"; VariantName = "[No Variations]"
Add component (AddParameter): Name = "Value"; Value = "10uF"; VariantName = "[No Variations]"
Added Component: Designator=C2(10uF_400V)
Add component (AddParameter): Name = "LatestRevisionDate"; Value = "17-Jul-2002"; VariantName = "[No Variations]"
Add component (AddParameter): Name = "LatestRevisionNote"; Value = "Re-released for DXP Platform."; VariantName = "[No Variations]"
Add component (AddParameter): Name = "PackageDescription"; Value = "Polarized Capacitor (Radial); 2 Leads"; VariantName = "[No Variations]"
Add component (AddParameter): Name = "PackageReference"; Value = "RB7.6-15"; VariantName = "[No Variations]"
Add component (AddParameter): Name = "Published"; Value = "8-Jun-2000"; VariantName = "[No Variations]"
Add component (AddParameter): Name = "Publisher"; Value = "Altium Limited"; VariantName = "[No Variations]"
Add component (AddParameter): Name = "Value"; Value = "10uF"; VariantName = "[No Variations]"
Added Component: Designator=C3(10uF_400V)
Add component (AddParameter): Name = "LatestRevisionDate"; Value = "17-Jul-2002"; VariantName = "[No Variations]"
Add component (AddParameter): Name = "LatestRevisionNote"; Value = "Re-released for DXP Platform."; VariantName = "[No Variations]"
Add component (AddParameter): Name = "PackageDescription"; Value = "Polarized Capacitor (Radial); 2 Leads"; VariantName = "[No Variations]"
Add component (AddParameter): Name = "PackageReference"; Value = "RB7.6-15"; VariantName = "[No Variations]"
Add component (AddParameter): Name = "Published"; Value = "8-Jun-2000"; VariantName = "[No Variations]"
Add component (AddParameter): Name = "Publisher"; Value = "Altium Limited"; VariantName = "[No Variations]"
Add component (AddParameter): Name = "Value"; Value = "10uF"; VariantName = "[No Variations]"
Added Component: Designator=C4(10uF_400V)
Add component (AddParameter): Name = "LatestRevisionDate"; Value = "17-Jul-2002"; VariantName = "[No Variations]"
Add component (AddParameter): Name = "LatestRevisionNote"; Value = "Re-released for DXP Platform."; VariantName = "[No Variations]"
Add component (AddParameter): Name = "PackageDescription"; Value = "Polarized Capacitor (Radial); 2 Leads"; VariantName = "[No Variations]"
Add component (AddParameter): Name = "PackageReference"; Value = "RB7.6-15"; VariantName = "[No Variations]"
Add component (AddParameter): Name = "Published"; Value = "8-Jun-2000"; VariantName = "[No Variations]"
Add component (AddParameter): Name = "Publisher"; Value = "Altium Limited"; VariantName = "[No Variations]"
Add component (AddParameter): Name = "Value"; Value = "10uF"; VariantName = "[No Variations]"
Added Component: Designator=C5(Chip_CAP_1206)
Add component (AddParameter): Name = "LatestRevisionDate"; Value = "17-Jul-2002"; VariantName = "[No Variations]"
Add component (AddParameter): Name = "LatestRevisionNote"; Value = "Re-released for DXP Platform."; VariantName = "[No Variations]"
Add component (AddParameter): Name = "PackageDescription"; Value = "Radial Cap, Thru-Hole; 2 Leads; 0.3 in Pin Spacing"; VariantName = "[No Variations]"
Add component (AddParameter): Name = "PackageReference"; Value = "RAD-0.3"; VariantName = "[No Variations]"
Add component (AddParameter): Name = "Published"; Value = "8-Jun-2000"; VariantName = "[No Variations]"
Add component (AddParameter): Name = "Publisher"; Value = "Altium Limited"; VariantName = "[No Variations]"
Add component (AddParameter): Name = "Value"; Value = "100pF"; VariantName = "[No Variations]"
Added Component: Designator=C6(Chip_CAP_1206)
Add component (AddParameter): Name = "LatestRevisionDate"; Value = "17-Jul-2002"; VariantName = "[No Variations]"
Add component (AddParameter): Name = "LatestRevisionNote"; Value = "Re-released for DXP Platform."; VariantName = "[No Variations]"
Add component (AddParameter): Name = "PackageDescription"; Value = "Radial Cap, Thru-Hole; 2 Leads; 0.3 in Pin Spacing"; VariantName = "[No Variations]"
Add component (AddParameter): Name = "PackageReference"; Value = "RAD-0.3"; VariantName = "[No Variations]"
Add component (AddParameter): Name = "Published"; Value = "8-Jun-2000"; VariantName = "[No Variations]"
Add component (AddParameter): Name = "Publisher"; Value = "Altium Limited"; VariantName = "[No Variations]"
Add component (AddParameter): Name = "Value"; Value = "100pF"; VariantName = "[No Variations]"
Added Component: Designator=C7(PNSC-FK-V-F_V)
Add component (AddParameter): Name = "Capacitance"; Value = "100µF"; VariantName = "[No Variations]"
Add component (AddParameter): Name = "Case Size/Dimension"; Value = "Ø8x10.2mm"; VariantName = "[No Variations]"
Add component (AddParameter): Name = "Datasheet URL"; Value = "http://industrial.panasonic.com/cdbs/www-data/pdf/RDE0000/ABA0000C1181.pdf"; VariantName = "[No Variations]"
Add component (AddParameter): Name = "Datasheet Version"; Value = "03/2016"; VariantName = "[No Variations]"
Add component (AddParameter): Name = "Impedance"; Value = "0.34O"; VariantName = "[No Variations]"
Add component (AddParameter): Name = "Lifetime@Temperature"; Value = "2000Hrs@105°C"; VariantName = "[No Variations]"
Add component (AddParameter): Name = "Manufacturer"; Value = "Panasonic"; VariantName = "[No Variations]"
Add component (AddParameter): Name = "Manufacturer URL"; Value = "http://www.panasonic.com/"; VariantName = "[No Variations]"
Add component (AddParameter): Name = "Mounting Technology"; Value = "SurfaceMount"; VariantName = "[No Variations]"
Add component (AddParameter): Name = "Operating Temp Range"; Value = "-55to+105°C"; VariantName = "[No Variations]"
Add component (AddParameter): Name = "Operating Temp-Max"; Value = "105°C"; VariantName = "[No Variations]"
Add component (AddParameter): Name = "Package Description"; Value = "2-Pin Electrolytic Aluminum Capacitor, Body 8.3 x 8.3 mm"; VariantName = "[No Variations]"
Add component (AddParameter): Name = "Package Reference"; Value = "FK-V-F"; VariantName = "[No Variations]"
Add component (AddParameter): Name = "Package URL"; Value = "http://industrial.panasonic.com/cdbs/www-data/pdf/RDE0000/DME0000COL48.pdf"; VariantName = "[No Variations]"
Add component (AddParameter): Name = "Rated Voltage"; Value = "50V"; VariantName = "[No Variations]"
Add component (AddParameter): Name = "Ripple Current"; Value = "350mA"; VariantName = "[No Variations]"
Add component (AddParameter): Name = "Series"; Value = "FK"; VariantName = "[No Variations]"
Add component (AddParameter): Name = "Type"; Value = "Can"; VariantName = "[No Variations]"
Added Component: Designator=C8(PNSC-FK-V-F_V)
Add component (AddParameter): Name = "Capacitance"; Value = "100µF"; VariantName = "[No Variations]"
Add component (AddParameter): Name = "Case Size/Dimension"; Value = "Ø8x10.2mm"; VariantName = "[No Variations]"
Add component (AddParameter): Name = "Datasheet URL"; Value = "http://industrial.panasonic.com/cdbs/www-data/pdf/RDE0000/ABA0000C1181.pdf"; VariantName = "[No Variations]"
Add component (AddParameter): Name = "Datasheet Version"; Value = "03/2016"; VariantName = "[No Variations]"
Add component (AddParameter): Name = "Impedance"; Value = "0.34O"; VariantName = "[No Variations]"
Add component (AddParameter): Name = "Lifetime@Temperature"; Value = "2000Hrs@105°C"; VariantName = "[No Variations]"
Add component (AddParameter): Name = "Manufacturer"; Value = "Panasonic"; VariantName = "[No Variations]"
Add component (AddParameter): Name = "Manufacturer URL"; Value = "http://www.panasonic.com/"; VariantName = "[No Variations]"
Add component (AddParameter): Name = "Mounting Technology"; Value = "SurfaceMount"; VariantName = "[No Variations]"
Add component (AddParameter): Name = "Operating Temp Range"; Value = "-55to+105°C"; VariantName = "[No Variations]"
Add component (AddParameter): Name = "Operating Temp-Max"; Value = "105°C"; VariantName = "[No Variations]"
Add component (AddParameter): Name = "Package Description"; Value = "2-Pin Electrolytic Aluminum Capacitor, Body 8.3 x 8.3 mm"; VariantName = "[No Variations]"
Add component (AddParameter): Name = "Package Reference"; Value = "FK-V-F"; VariantName = "[No Variations]"
Add component (AddParameter): Name = "Package URL"; Value = "http://industrial.panasonic.com/cdbs/www-data/pdf/RDE0000/DME0000COL48.pdf"; VariantName = "[No Variations]"
Add component (AddParameter): Name = "Rated Voltage"; Value = "50V"; VariantName = "[No Variations]"
Add component (AddParameter): Name = "Ripple Current"; Value = "350mA"; VariantName = "[No Variations]"
Add component (AddParameter): Name = "Series"; Value = "FK"; VariantName = "[No Variations]"
Add component (AddParameter): Name = "Type"; Value = "Can"; VariantName = "[No Variations]"
Added Component: Designator=C9(Chip_CAP_1206)
Add component (AddParameter): Name = "LatestRevisionDate"; Value = "17-Jul-2002"; VariantName = "[No Variations]"
Add component (AddParameter): Name = "LatestRevisionNote"; Value = "Re-released for DXP Platform."; VariantName = "[No Variations]"
Add component (AddParameter): Name = "PackageDescription"; Value = "Radial Cap, Thru-Hole; 2 Leads; 0.3 in Pin Spacing"; VariantName = "[No Variations]"
Add component (AddParameter): Name = "PackageReference"; Value = "RAD-0.3"; VariantName = "[No Variations]"
Add component (AddParameter): Name = "Published"; Value = "8-Jun-2000"; VariantName = "[No Variations]"
Add component (AddParameter): Name = "Publisher"; Value = "Altium Limited"; VariantName = "[No Variations]"
Add component (AddParameter): Name = "Value"; Value = "100pF"; VariantName = "[No Variations]"
Added Component: Designator=C10(PNSC-FK-V-F_V)
Add component (AddParameter): Name = "Capacitance"; Value = "100µF"; VariantName = "[No Variations]"
Add component (AddParameter): Name = "Case Size/Dimension"; Value = "Ø8x10.2mm"; VariantName = "[No Variations]"
Add component (AddParameter): Name = "Datasheet URL"; Value = "http://industrial.panasonic.com/cdbs/www-data/pdf/RDE0000/ABA0000C1181.pdf"; VariantName = "[No Variations]"
Add component (AddParameter): Name = "Datasheet Version"; Value = "03/2016"; VariantName = "[No Variations]"
Add component (AddParameter): Name = "Impedance"; Value = "0.34O"; VariantName = "[No Variations]"
Add component (AddParameter): Name = "Lifetime@Temperature"; Value = "2000Hrs@105°C"; VariantName = "[No Variations]"
Add component (AddParameter): Name = "Manufacturer"; Value = "Panasonic"; VariantName = "[No Variations]"
Add component (AddParameter): Name = "Manufacturer URL"; Value = "http://www.panasonic.com/"; VariantName = "[No Variations]"
Add component (AddParameter): Name = "Mounting Technology"; Value = "SurfaceMount"; VariantName = "[No Variations]"
Add component (AddParameter): Name = "Operating Temp Range"; Value = "-55to+105°C"; VariantName = "[No Variations]"
Add component (AddParameter): Name = "Operating Temp-Max"; Value = "105°C"; VariantName = "[No Variations]"
Add component (AddParameter): Name = "Package Description"; Value = "2-Pin Electrolytic Aluminum Capacitor, Body 8.3 x 8.3 mm"; VariantName = "[No Variations]"
Add component (AddParameter): Name = "Package Reference"; Value = "FK-V-F"; VariantName = "[No Variations]"
Add component (AddParameter): Name = "Package URL"; Value = "http://industrial.panasonic.com/cdbs/www-data/pdf/RDE0000/DME0000COL48.pdf"; VariantName = "[No Variations]"
Add component (AddParameter): Name = "Rated Voltage"; Value = "50V"; VariantName = "[No Variations]"
Add component (AddParameter): Name = "Ripple Current"; Value = "350mA"; VariantName = "[No Variations]"
Add component (AddParameter): Name = "Series"; Value = "FK"; VariantName = "[No Variations]"
Add component (AddParameter): Name = "Type"; Value = "Can"; VariantName = "[No Variations]"
Added Component: Designator=C11(PNSC-FK-V-F_V)
Add component (AddParameter): Name = "Capacitance"; Value = "100µF"; VariantName = "[No Variations]"
Add component (AddParameter): Name = "Case Size/Dimension"; Value = "Ø8x10.2mm"; VariantName = "[No Variations]"
Add component (AddParameter): Name = "Datasheet URL"; Value = "http://industrial.panasonic.com/cdbs/www-data/pdf/RDE0000/ABA0000C1181.pdf"; VariantName = "[No Variations]"
Add component (AddParameter): Name = "Datasheet Version"; Value = "03/2016"; VariantName = "[No Variations]"
Add component (AddParameter): Name = "Impedance"; Value = "0.34O"; VariantName = "[No Variations]"
Add component (AddParameter): Name = "Lifetime@Temperature"; Value = "2000Hrs@105°C"; VariantName = "[No Variations]"
Add component (AddParameter): Name = "Manufacturer"; Value = "Panasonic"; VariantName = "[No Variations]"
Add component (AddParameter): Name = "Manufacturer URL"; Value = "http://www.panasonic.com/"; VariantName = "[No Variations]"
Add component (AddParameter): Name = "Mounting Technology"; Value = "SurfaceMount"; VariantName = "[No Variations]"
Add component (AddParameter): Name = "Operating Temp Range"; Value = "-55to+105°C"; VariantName = "[No Variations]"
Add component (AddParameter): Name = "Operating Temp-Max"; Value = "105°C"; VariantName = "[No Variations]"
Add component (AddParameter): Name = "Package Description"; Value = "2-Pin Electrolytic Aluminum Capacitor, Body 8.3 x 8.3 mm"; VariantName = "[No Variations]"
Add component (AddParameter): Name = "Package Reference"; Value = "FK-V-F"; VariantName = "[No Variations]"
Add component (AddParameter): Name = "Package URL"; Value = "http://industrial.panasonic.com/cdbs/www-data/pdf/RDE0000/DME0000COL48.pdf"; VariantName = "[No Variations]"
Add component (AddParameter): Name = "Rated Voltage"; Value = "50V"; VariantName = "[No Variations]"
Add component (AddParameter): Name = "Ripple Current"; Value = "350mA"; VariantName = "[No Variations]"
Add component (AddParameter): Name = "Series"; Value = "FK"; VariantName = "[No Variations]"
Add component (AddParameter): Name = "Type"; Value = "Can"; VariantName = "[No Variations]"
Added Component: Designator=C12(PNSC-FP-V-D_V)
Add component (AddParameter): Name = "Capacitance"; Value = "47µF"; VariantName = "[No Variations]"
Add component (AddParameter): Name = "Case Size/Dimension"; Value = "Ø6.3x5.8mm"; VariantName = "[No Variations]"
Add component (AddParameter): Name = "Datasheet URL"; Value = "http://industrial.panasonic.com/cdbs/www-data/pdf/RDE0000/ABA0000C1184.pdf"; VariantName = "[No Variations]"
Add component (AddParameter): Name = "Datasheet Version"; Value = "03/2016"; VariantName = "[No Variations]"
Add component (AddParameter): Name = "ESR (Equivalent Series Resistance)"; Value = "0.26O"; VariantName = "[No Variations]"
Add component (AddParameter): Name = "Lifetime@Temperature"; Value = "2000Hrs@105°C"; VariantName = "[No Variations]"
Add component (AddParameter): Name = "Manufacturer"; Value = "Panasonic"; VariantName = "[No Variations]"
Add component (AddParameter): Name = "Manufacturer URL"; Value = "http://www.panasonic.com/"; VariantName = "[No Variations]"
Add component (AddParameter): Name = "Mounting Technology"; Value = "SurfaceMount"; VariantName = "[No Variations]"
Add component (AddParameter): Name = "Operating Temp Range"; Value = "-55to+105°C"; VariantName = "[No Variations]"
Add component (AddParameter): Name = "Operating Temp-Max"; Value = "105°C"; VariantName = "[No Variations]"
Add component (AddParameter): Name = "Package Description"; Value = "2-Pin Electrolytic Aluminum Capacitor, Body 6.6 x 6.6 mm"; VariantName = "[No Variations]"
Add component (AddParameter): Name = "Package Reference"; Value = "FP-V-D"; VariantName = "[No Variations]"
Add component (AddParameter): Name = "Package URL"; Value = "http://industrial.panasonic.com/cdbs/www-data/pdf/RDE0000/DME0000COL48.pdf"; VariantName = "[No Variations]"
Add component (AddParameter): Name = "Rated Voltage"; Value = "35V"; VariantName = "[No Variations]"
Add component (AddParameter): Name = "Ripple Current"; Value = "300mA"; VariantName = "[No Variations]"
Add component (AddParameter): Name = "Series"; Value = "FP"; VariantName = "[No Variations]"
Add component (AddParameter): Name = "Type"; Value = "Can"; VariantName = "[No Variations]"
Added Component: Designator=C13(Chip_CAP_1206)
Add component (AddParameter): Name = "LatestRevisionDate"; Value = "17-Jul-2002"; VariantName = "[No Variations]"
Add component (AddParameter): Name = "LatestRevisionNote"; Value = "Re-released for DXP Platform."; VariantName = "[No Variations]"
Add component (AddParameter): Name = "PackageDescription"; Value = "Radial Cap, Thru-Hole; 2 Leads; 0.3 in Pin Spacing"; VariantName = "[No Variations]"
Add component (AddParameter): Name = "PackageReference"; Value = "RAD-0.3"; VariantName = "[No Variations]"
Add component (AddParameter): Name = "Published"; Value = "8-Jun-2000"; VariantName = "[No Variations]"
Add component (AddParameter): Name = "Publisher"; Value = "Altium Limited"; VariantName = "[No Variations]"
Add component (AddParameter): Name = "Value"; Value = "100nF"; VariantName = "[No Variations]"
Added Component: Designator=C14(PNSC-FP-V-D_V)
Add component (AddParameter): Name = "Capacitance"; Value = "47µF"; VariantName = "[No Variations]"
Add component (AddParameter): Name = "Case Size/Dimension"; Value = "Ø6.3x5.8mm"; VariantName = "[No Variations]"
Add component (AddParameter): Name = "Datasheet URL"; Value = "http://industrial.panasonic.com/cdbs/www-data/pdf/RDE0000/ABA0000C1184.pdf"; VariantName = "[No Variations]"
Add component (AddParameter): Name = "Datasheet Version"; Value = "03/2016"; VariantName = "[No Variations]"
Add component (AddParameter): Name = "ESR (Equivalent Series Resistance)"; Value = "0.26O"; VariantName = "[No Variations]"
Add component (AddParameter): Name = "Lifetime@Temperature"; Value = "2000Hrs@105°C"; VariantName = "[No Variations]"
Add component (AddParameter): Name = "Manufacturer"; Value = "Panasonic"; VariantName = "[No Variations]"
Add component (AddParameter): Name = "Manufacturer URL"; Value = "http://www.panasonic.com/"; VariantName = "[No Variations]"
Add component (AddParameter): Name = "Mounting Technology"; Value = "SurfaceMount"; VariantName = "[No Variations]"
Add component (AddParameter): Name = "Operating Temp Range"; Value = "-55to+105°C"; VariantName = "[No Variations]"
Add component (AddParameter): Name = "Operating Temp-Max"; Value = "105°C"; VariantName = "[No Variations]"
Add component (AddParameter): Name = "Package Description"; Value = "2-Pin Electrolytic Aluminum Capacitor, Body 6.6 x 6.6 mm"; VariantName = "[No Variations]"
Add component (AddParameter): Name = "Package Reference"; Value = "FP-V-D"; VariantName = "[No Variations]"
Add component (AddParameter): Name = "Package URL"; Value = "http://industrial.panasonic.com/cdbs/www-data/pdf/RDE0000/DME0000COL48.pdf"; VariantName = "[No Variations]"
Add component (AddParameter): Name = "Rated Voltage"; Value = "35V"; VariantName = "[No Variations]"
Add component (AddParameter): Name = "Ripple Current"; Value = "300mA"; VariantName = "[No Variations]"
Add component (AddParameter): Name = "Series"; Value = "FP"; VariantName = "[No Variations]"
Add component (AddParameter): Name = "Type"; Value = "Can"; VariantName = "[No Variations]"
Added Component: Designator=C15(Chip_CAP_0805)
Add component (AddParameter): Name = "LatestRevisionDate"; Value = "17-Jul-2002"; VariantName = "[No Variations]"
Add component (AddParameter): Name = "LatestRevisionNote"; Value = "Re-released for DXP Platform."; VariantName = "[No Variations]"
Add component (AddParameter): Name = "PackageDescription"; Value = "Radial Cap, Thru-Hole; 2 Leads; 0.3 in Pin Spacing"; VariantName = "[No Variations]"
Add component (AddParameter): Name = "PackageReference"; Value = "RAD-0.3"; VariantName = "[No Variations]"
Add component (AddParameter): Name = "Published"; Value = "8-Jun-2000"; VariantName = "[No Variations]"
Add component (AddParameter): Name = "Publisher"; Value = "Altium Limited"; VariantName = "[No Variations]"
Add component (AddParameter): Name = "Size"; Value = "100nF"; VariantName = "[No Variations]"
Add component (AddParameter): Name = "Value"; Value = "100pF"; VariantName = "[No Variations]"
Added Component: Designator=C16(Chip_CAP_0805)
Add component (AddParameter): Name = "LatestRevisionDate"; Value = "17-Jul-2002"; VariantName = "[No Variations]"
Add component (AddParameter): Name = "LatestRevisionNote"; Value = "Re-released for DXP Platform."; VariantName = "[No Variations]"
Add component (AddParameter): Name = "PackageDescription"; Value = "Radial Cap, Thru-Hole; 2 Leads; 0.3 in Pin Spacing"; VariantName = "[No Variations]"
Add component (AddParameter): Name = "PackageReference"; Value = "RAD-0.3"; VariantName = "[No Variations]"
Add component (AddParameter): Name = "Published"; Value = "8-Jun-2000"; VariantName = "[No Variations]"
Add component (AddParameter): Name = "Publisher"; Value = "Altium Limited"; VariantName = "[No Variations]"
Add component (AddParameter): Name = "Size"; Value = "100nF"; VariantName = "[No Variations]"
Add component (AddParameter): Name = "Value"; Value = "100pF"; VariantName = "[No Variations]"
Added Component: Designator=C17(Chip_CAP_0805)
Add component (AddParameter): Name = "LatestRevisionDate"; Value = "17-Jul-2002"; VariantName = "[No Variations]"
Add component (AddParameter): Name = "LatestRevisionNote"; Value = "Re-released for DXP Platform."; VariantName = "[No Variations]"
Add component (AddParameter): Name = "PackageDescription"; Value = "Radial Cap, Thru-Hole; 2 Leads; 0.3 in Pin Spacing"; VariantName = "[No Variations]"
Add component (AddParameter): Name = "PackageReference"; Value = "RAD-0.3"; VariantName = "[No Variations]"
Add component (AddParameter): Name = "Published"; Value = "8-Jun-2000"; VariantName = "[No Variations]"
Add component (AddParameter): Name = "Publisher"; Value = "Altium Limited"; VariantName = "[No Variations]"
Add component (AddParameter): Name = "Size"; Value = "1.2nF"; VariantName = "[No Variations]"
Add component (AddParameter): Name = "Value"; Value = "100pF"; VariantName = "[No Variations]"
Added Component: Designator=C18(PNSC-FP-V-D_V)
Add component (AddParameter): Name = "Capacitance"; Value = "47µF"; VariantName = "[No Variations]"
Add component (AddParameter): Name = "Case Size/Dimension"; Value = "Ø6.3x5.8mm"; VariantName = "[No Variations]"
Add component (AddParameter): Name = "Datasheet URL"; Value = "http://industrial.panasonic.com/cdbs/www-data/pdf/RDE0000/ABA0000C1184.pdf"; VariantName = "[No Variations]"
Add component (AddParameter): Name = "Datasheet Version"; Value = "03/2016"; VariantName = "[No Variations]"
Add component (AddParameter): Name = "ESR (Equivalent Series Resistance)"; Value = "0.26O"; VariantName = "[No Variations]"
Add component (AddParameter): Name = "Lifetime@Temperature"; Value = "2000Hrs@105°C"; VariantName = "[No Variations]"
Add component (AddParameter): Name = "Manufacturer"; Value = "Panasonic"; VariantName = "[No Variations]"
Add component (AddParameter): Name = "Manufacturer URL"; Value = "http://www.panasonic.com/"; VariantName = "[No Variations]"
Add component (AddParameter): Name = "Mounting Technology"; Value = "SurfaceMount"; VariantName = "[No Variations]"
Add component (AddParameter): Name = "Operating Temp Range"; Value = "-55to+105°C"; VariantName = "[No Variations]"
Add component (AddParameter): Name = "Operating Temp-Max"; Value = "105°C"; VariantName = "[No Variations]"
Add component (AddParameter): Name = "Package Description"; Value = "2-Pin Electrolytic Aluminum Capacitor, Body 6.6 x 6.6 mm"; VariantName = "[No Variations]"
Add component (AddParameter): Name = "Package Reference"; Value = "FP-V-D"; VariantName = "[No Variations]"
Add component (AddParameter): Name = "Package URL"; Value = "http://industrial.panasonic.com/cdbs/www-data/pdf/RDE0000/DME0000COL48.pdf"; VariantName = "[No Variations]"
Add component (AddParameter): Name = "Rated Voltage"; Value = "35V"; VariantName = "[No Variations]"
Add component (AddParameter): Name = "Ripple Current"; Value = "300mA"; VariantName = "[No Variations]"
Add component (AddParameter): Name = "Series"; Value = "FP"; VariantName = "[No Variations]"
Add component (AddParameter): Name = "Type"; Value = "Can"; VariantName = "[No Variations]"
Added Component: Designator=C19(Chip_CAP_1206)
Add component (AddParameter): Name = "LatestRevisionDate"; Value = "17-Jul-2002"; VariantName = "[No Variations]"
Add component (AddParameter): Name = "LatestRevisionNote"; Value = "Re-released for DXP Platform."; VariantName = "[No Variations]"
Add component (AddParameter): Name = "PackageDescription"; Value = "Radial Cap, Thru-Hole; 2 Leads; 0.3 in Pin Spacing"; VariantName = "[No Variations]"
Add component (AddParameter): Name = "PackageReference"; Value = "RAD-0.3"; VariantName = "[No Variations]"
Add component (AddParameter): Name = "Published"; Value = "8-Jun-2000"; VariantName = "[No Variations]"
Add component (AddParameter): Name = "Publisher"; Value = "Altium Limited"; VariantName = "[No Variations]"
Add component (AddParameter): Name = "Value"; Value = "100nF"; VariantName = "[No Variations]"
Added Component: Designator=C20(PNSC-FP-V-D_V)
Add component (AddParameter): Name = "Capacitance"; Value = "47µF"; VariantName = "[No Variations]"
Add component (AddParameter): Name = "Case Size/Dimension"; Value = "Ø6.3x5.8mm"; VariantName = "[No Variations]"
Add component (AddParameter): Name = "Datasheet URL"; Value = "http://industrial.panasonic.com/cdbs/www-data/pdf/RDE0000/ABA0000C1184.pdf"; VariantName = "[No Variations]"
Add component (AddParameter): Name = "Datasheet Version"; Value = "03/2016"; VariantName = "[No Variations]"
Add component (AddParameter): Name = "ESR (Equivalent Series Resistance)"; Value = "0.26O"; VariantName = "[No Variations]"
Add component (AddParameter): Name = "Lifetime@Temperature"; Value = "2000Hrs@105°C"; VariantName = "[No Variations]"
Add component (AddParameter): Name = "Manufacturer"; Value = "Panasonic"; VariantName = "[No Variations]"
Add component (AddParameter): Name = "Manufacturer URL"; Value = "http://www.panasonic.com/"; VariantName = "[No Variations]"
Add component (AddParameter): Name = "Mounting Technology"; Value = "SurfaceMount"; VariantName = "[No Variations]"
Add component (AddParameter): Name = "Operating Temp Range"; Value = "-55to+105°C"; VariantName = "[No Variations]"
Add component (AddParameter): Name = "Operating Temp-Max"; Value = "105°C"; VariantName = "[No Variations]"
Add component (AddParameter): Name = "Package Description"; Value = "2-Pin Electrolytic Aluminum Capacitor, Body 6.6 x 6.6 mm"; VariantName = "[No Variations]"
Add component (AddParameter): Name = "Package Reference"; Value = "FP-V-D"; VariantName = "[No Variations]"
Add component (AddParameter): Name = "Package URL"; Value = "http://industrial.panasonic.com/cdbs/www-data/pdf/RDE0000/DME0000COL48.pdf"; VariantName = "[No Variations]"
Add component (AddParameter): Name = "Rated Voltage"; Value = "35V"; VariantName = "[No Variations]"
Add component (AddParameter): Name = "Ripple Current"; Value = "300mA"; VariantName = "[No Variations]"
Add component (AddParameter): Name = "Series"; Value = "FP"; VariantName = "[No Variations]"
Add component (AddParameter): Name = "Type"; Value = "Can"; VariantName = "[No Variations]"
Added Component: Designator=C21(Chip_CAP_1206)
Add component (AddParameter): Name = "LatestRevisionDate"; Value = "17-Jul-2002"; VariantName = "[No Variations]"
Add component (AddParameter): Name = "LatestRevisionNote"; Value = "Re-released for DXP Platform."; VariantName = "[No Variations]"
Add component (AddParameter): Name = "PackageDescription"; Value = "Radial Cap, Thru-Hole; 2 Leads; 0.3 in Pin Spacing"; VariantName = "[No Variations]"
Add component (AddParameter): Name = "PackageReference"; Value = "RAD-0.3"; VariantName = "[No Variations]"
Add component (AddParameter): Name = "Published"; Value = "8-Jun-2000"; VariantName = "[No Variations]"
Add component (AddParameter): Name = "Publisher"; Value = "Altium Limited"; VariantName = "[No Variations]"
Add component (AddParameter): Name = "Value"; Value = "100nF"; VariantName = "[No Variations]"
Added Component: Designator=C22(PNSC-FP-V-D_V)
Add component (AddParameter): Name = "Capacitance"; Value = "47µF"; VariantName = "[No Variations]"
Add component (AddParameter): Name = "Case Size/Dimension"; Value = "Ø6.3x5.8mm"; VariantName = "[No Variations]"
Add component (AddParameter): Name = "Datasheet URL"; Value = "http://industrial.panasonic.com/cdbs/www-data/pdf/RDE0000/ABA0000C1184.pdf"; VariantName = "[No Variations]"
Add component (AddParameter): Name = "Datasheet Version"; Value = "03/2016"; VariantName = "[No Variations]"
Add component (AddParameter): Name = "ESR (Equivalent Series Resistance)"; Value = "0.26O"; VariantName = "[No Variations]"
Add component (AddParameter): Name = "Lifetime@Temperature"; Value = "2000Hrs@105°C"; VariantName = "[No Variations]"
Add component (AddParameter): Name = "Manufacturer"; Value = "Panasonic"; VariantName = "[No Variations]"
Add component (AddParameter): Name = "Manufacturer URL"; Value = "http://www.panasonic.com/"; VariantName = "[No Variations]"
Add component (AddParameter): Name = "Mounting Technology"; Value = "SurfaceMount"; VariantName = "[No Variations]"
Add component (AddParameter): Name = "Operating Temp Range"; Value = "-55to+105°C"; VariantName = "[No Variations]"
Add component (AddParameter): Name = "Operating Temp-Max"; Value = "105°C"; VariantName = "[No Variations]"
Add component (AddParameter): Name = "Package Description"; Value = "2-Pin Electrolytic Aluminum Capacitor, Body 6.6 x 6.6 mm"; VariantName = "[No Variations]"
Add component (AddParameter): Name = "Package Reference"; Value = "FP-V-D"; VariantName = "[No Variations]"
Add component (AddParameter): Name = "Package URL"; Value = "http://industrial.panasonic.com/cdbs/www-data/pdf/RDE0000/DME0000COL48.pdf"; VariantName = "[No Variations]"
Add component (AddParameter): Name = "Rated Voltage"; Value = "35V"; VariantName = "[No Variations]"
Add component (AddParameter): Name = "Ripple Current"; Value = "300mA"; VariantName = "[No Variations]"
Add component (AddParameter): Name = "Series"; Value = "FP"; VariantName = "[No Variations]"
Add component (AddParameter): Name = "Type"; Value = "Can"; VariantName = "[No Variations]"
Added Component: Designator=C23(Chip_CAP_1206)
Add component (AddParameter): Name = "LatestRevisionDate"; Value = "17-Jul-2002"; VariantName = "[No Variations]"
Add component (AddParameter): Name = "LatestRevisionNote"; Value = "Re-released for DXP Platform."; VariantName = "[No Variations]"
Add component (AddParameter): Name = "PackageDescription"; Value = "Radial Cap, Thru-Hole; 2 Leads; 0.3 in Pin Spacing"; VariantName = "[No Variations]"
Add component (AddParameter): Name = "PackageReference"; Value = "RAD-0.3"; VariantName = "[No Variations]"
Add component (AddParameter): Name = "Published"; Value = "8-Jun-2000"; VariantName = "[No Variations]"
Add component (AddParameter): Name = "Publisher"; Value = "Altium Limited"; VariantName = "[No Variations]"
Add component (AddParameter): Name = "Value"; Value = "100nF"; VariantName = "[No Variations]"
Added Component: Designator=C24(PNSC-FP-V-D_V)
Add component (AddParameter): Name = "Capacitance"; Value = "47µF"; VariantName = "[No Variations]"
Add component (AddParameter): Name = "Case Size/Dimension"; Value = "Ø6.3x5.8mm"; VariantName = "[No Variations]"
Add component (AddParameter): Name = "Datasheet URL"; Value = "http://industrial.panasonic.com/cdbs/www-data/pdf/RDE0000/ABA0000C1184.pdf"; VariantName = "[No Variations]"
Add component (AddParameter): Name = "Datasheet Version"; Value = "03/2016"; VariantName = "[No Variations]"
Add component (AddParameter): Name = "ESR (Equivalent Series Resistance)"; Value = "0.26O"; VariantName = "[No Variations]"
Add component (AddParameter): Name = "Lifetime@Temperature"; Value = "2000Hrs@105°C"; VariantName = "[No Variations]"
Add component (AddParameter): Name = "Manufacturer"; Value = "Panasonic"; VariantName = "[No Variations]"
Add component (AddParameter): Name = "Manufacturer URL"; Value = "http://www.panasonic.com/"; VariantName = "[No Variations]"
Add component (AddParameter): Name = "Mounting Technology"; Value = "SurfaceMount"; VariantName = "[No Variations]"
Add component (AddParameter): Name = "Operating Temp Range"; Value = "-55to+105°C"; VariantName = "[No Variations]"
Add component (AddParameter): Name = "Operating Temp-Max"; Value = "105°C"; VariantName = "[No Variations]"
Add component (AddParameter): Name = "Package Description"; Value = "2-Pin Electrolytic Aluminum Capacitor, Body 6.6 x 6.6 mm"; VariantName = "[No Variations]"
Add component (AddParameter): Name = "Package Reference"; Value = "FP-V-D"; VariantName = "[No Variations]"
Add component (AddParameter): Name = "Package URL"; Value = "http://industrial.panasonic.com/cdbs/www-data/pdf/RDE0000/DME0000COL48.pdf"; VariantName = "[No Variations]"
Add component (AddParameter): Name = "Rated Voltage"; Value = "35V"; VariantName = "[No Variations]"
Add component (AddParameter): Name = "Ripple Current"; Value = "300mA"; VariantName = "[No Variations]"
Add component (AddParameter): Name = "Series"; Value = "FP"; VariantName = "[No Variations]"
Add component (AddParameter): Name = "Type"; Value = "Can"; VariantName = "[No Variations]"
Added Component: Designator=C25(Chip_CAP_1206)
Add component (AddParameter): Name = "LatestRevisionDate"; Value = "17-Jul-2002"; VariantName = "[No Variations]"
Add component (AddParameter): Name = "LatestRevisionNote"; Value = "Re-released for DXP Platform."; VariantName = "[No Variations]"
Add component (AddParameter): Name = "PackageDescription"; Value = "Radial Cap, Thru-Hole; 2 Leads; 0.3 in Pin Spacing"; VariantName = "[No Variations]"
Add component (AddParameter): Name = "PackageReference"; Value = "RAD-0.3"; VariantName = "[No Variations]"
Add component (AddParameter): Name = "Published"; Value = "8-Jun-2000"; VariantName = "[No Variations]"
Add component (AddParameter): Name = "Publisher"; Value = "Altium Limited"; VariantName = "[No Variations]"
Add component (AddParameter): Name = "Value"; Value = "100nF"; VariantName = "[No Variations]"
Added Component: Designator=D1(DF10M)
Add component (AddParameter): Name = "DatasheetVersion"; Value = "E2732B"; VariantName = "[No Variations]"
Add component (AddParameter): Name = "LatestRevisionDate"; Value = "29-May-2009"; VariantName = "[No Variations]"
Add component (AddParameter): Name = "LatestRevisionNote"; Value = "Sch pins A & K swapped."; VariantName = "[No Variations]"
Add component (AddParameter): Name = "PackageDescription"; Value = "Bridge Rectifier; 4 Terminals; Body 9.4 x 9.4 mm (typ); Pitch 5.08 mm"; VariantName = "[No Variations]"
Add component (AddParameter): Name = "PackageReference"; Value = "D-38"; VariantName = "[No Variations]"
Add component (AddParameter): Name = "Published"; Value = "8-Jun-2000"; VariantName = "[No Variations]"
Add component (AddParameter): Name = "Publisher"; Value = "Altium Limited"; VariantName = "[No Variations]"
Added Component: Designator=D2(DPAK254P1542X450-4N)
Add component (AddParameter): Name = "Code_JEDEC"; Value = "DO-204-AL"; VariantName = "[No Variations]"
Add component (AddParameter): Name = "ComponentLink1Description"; Value = "Manufacturer Link"; VariantName = "[No Variations]"
Add component (AddParameter): Name = "ComponentLink1URL"; Value = "http://www.irf.com/"; VariantName = "[No Variations]"
Add component (AddParameter): Name = "ComponentLink2Description"; Value = "Datasheet"; VariantName = "[No Variations]"
Add component (AddParameter): Name = "ComponentLink2URL"; Value = "http://www.irf.com/product-info/datasheets/data/11dq05.pdf"; VariantName = "[No Variations]"
Add component (AddParameter): Name = "DatasheetVersion"; Value = "Dec-1997"; VariantName = "[No Variations]"
Add component (AddParameter): Name = "LatestRevisionDate"; Value = "17-Jul-2002"; VariantName = "[No Variations]"
Add component (AddParameter): Name = "LatestRevisionNote"; Value = "Re-released for DXP Platform."; VariantName = "[No Variations]"
Add component (AddParameter): Name = "PackageDescription"; Value = "Diode, Axial; Body 5.2 x 2.7 mm (LxDia. max), Lead Dia. 0.86 mm (max)"; VariantName = "[No Variations]"
Add component (AddParameter): Name = "PackageReference"; Value = "DO-204AL"; VariantName = "[No Variations]"
Add component (AddParameter): Name = "Published"; Value = "8-Jun-2000"; VariantName = "[No Variations]"
Add component (AddParameter): Name = "Publisher"; Value = "Altium Limited"; VariantName = "[No Variations]"
Added Component: Designator=D3(FAIR-DO-214AA-2_V)
Add component (AddParameter): Name = "Category"; Value = "TVS"; VariantName = "[No Variations]"
Add component (AddParameter): Name = "Configuration"; Value = "Single"; VariantName = "[No Variations]"
Add component (AddParameter): Name = "Datasheet URL"; Value = "https://www.fairchildsemi.com/datasheets/SM/SMBJ33A.pdf"; VariantName = "[No Variations]"
Add component (AddParameter): Name = "Datasheet Version"; Value = "Rev. 1.1.1, 11/2014"; VariantName = "[No Variations]"
Add component (AddParameter): Name = "Direction Type"; Value = "Uni-Directional"; VariantName = "[No Variations]"
Add component (AddParameter): Name = "Manufacturer"; Value = "FairchildSemiconductor"; VariantName = "[No Variations]"
Add component (AddParameter): Name = "Manufacturer URL"; Value = "https://www.fairchildsemi.com/"; VariantName = "[No Variations]"
Add component (AddParameter): Name = "Maximum Clamping Voltage"; Value = "53.3V"; VariantName = "[No Variations]"
Add component (AddParameter): Name = "Maximum Peak Pulse Current"; Value = "11.3A"; VariantName = "[No Variations]"
Add component (AddParameter): Name = "Maximum Reverse Leakage Current"; Value = "5uA"; VariantName = "[No Variations]"
Add component (AddParameter): Name = "Maximum Reverse Stand-off Voltage"; Value = "33V"; VariantName = "[No Variations]"
Add component (AddParameter): Name = "Minimum Breakdown Voltage"; Value = "36.7V"; VariantName = "[No Variations]"
Add component (AddParameter): Name = "Mounting"; Value = "SurfaceMount"; VariantName = "[No Variations]"
Add component (AddParameter): Name = "Mounting Technology"; Value = "SurfaceMount"; VariantName = "[No Variations]"
Add component (AddParameter): Name = "Operating Temperature"; Value = "-55to150°C"; VariantName = "[No Variations]"
Add component (AddParameter): Name = "Package"; Value = "2DO-214AA"; VariantName = "[No Variations]"
Add component (AddParameter): Name = "Package Description"; Value = "2-Pin Surface Mount Device, Body 4.4 x 3.625 mm"; VariantName = "[No Variations]"
Add component (AddParameter): Name = "Package Reference"; Value = "DO-214AA-2"; VariantName = "[No Variations]"
Add component (AddParameter): Name = "Packaging"; Value = "Tape&Reel"; VariantName = "[No Variations]"
Add component (AddParameter): Name = "Peak Pulse Power Dissipation"; Value = "600W"; VariantName = "[No Variations]"
Add component (AddParameter): Name = "Rad Hard"; Value = "No"; VariantName = "[No Variations]"
Add component (AddParameter): Name = "Test Current"; Value = "1mA"; VariantName = "[No Variations]"
Added Component: Designator=D4(VISH-DO-214AB-2_V)
Add component (AddParameter): Name = "Datasheet URL"; Value = "http://www.vishay.com/docs/88751/ss32.pdf"; VariantName = "[No Variations]"
Add component (AddParameter): Name = "Datasheet Version"; Value = "08/2015"; VariantName = "[No Variations]"
Add component (AddParameter): Name = "Diode Case Style"; Value = "DO-214AB"; VariantName = "[No Variations]"
Add component (AddParameter): Name = "Diode Configuration"; Value = "Single"; VariantName = "[No Variations]"
Add component (AddParameter): Name = "Diode Type"; Value = "Schottky"; VariantName = "[No Variations]"
Add component (AddParameter): Name = "Forward Current If(AV)"; Value = "3A"; VariantName = "[No Variations]"
Add component (AddParameter): Name = "Forward Surge Current Ifsm Max"; Value = "100A"; VariantName = "[No Variations]"
Add component (AddParameter): Name = "Forward Voltage VF Max"; Value = "750mV"; VariantName = "[No Variations]"
Add component (AddParameter): Name = "Manufacturer"; Value = "Vishay"; VariantName = "[No Variations]"
Add component (AddParameter): Name = "Manufacturer URL"; Value = "http://www.vishay.com/"; VariantName = "[No Variations]"
Add component (AddParameter): Name = "Mounting Technology"; Value = "SurfaceMount"; VariantName = "[No Variations]"
Add component (AddParameter): Name = "No. of Pins"; Value = "2Pins"; VariantName = "[No Variations]"
Add component (AddParameter): Name = "Operating Temperature Max"; Value = "150°C"; VariantName = "[No Variations]"
Add component (AddParameter): Name = "Package Description"; Value = "2-Pin Surface Mount Device, Body 6.855 x 5.905 mm"; VariantName = "[No Variations]"
Add component (AddParameter): Name = "Package Reference"; Value = "DO-214AB"; VariantName = "[No Variations]"
Add component (AddParameter): Name = "Packaging"; Value = "CutTape"; VariantName = "[No Variations]"
Add component (AddParameter): Name = "Product Range"; Value = "-"; VariantName = "[No Variations]"
Add component (AddParameter): Name = "Repetitive Reverse Voltage Vrrm Max"; Value = "60V"; VariantName = "[No Variations]"
Add component (AddParameter): Name = "SVHC"; Value = "ToBeAdvised"; VariantName = "[No Variations]"
Added Component: Designator=D5(DPAK254P1542X450-4N)
Add component (AddParameter): Name = "Code_JEDEC"; Value = "DO-204-AL"; VariantName = "[No Variations]"
Add component (AddParameter): Name = "ComponentLink1Description"; Value = "Manufacturer Link"; VariantName = "[No Variations]"
Add component (AddParameter): Name = "ComponentLink1URL"; Value = "http://www.irf.com/"; VariantName = "[No Variations]"
Add component (AddParameter): Name = "ComponentLink2Description"; Value = "Datasheet"; VariantName = "[No Variations]"
Add component (AddParameter): Name = "ComponentLink2URL"; Value = "http://www.irf.com/product-info/datasheets/data/11dq05.pdf"; VariantName = "[No Variations]"
Add component (AddParameter): Name = "DatasheetVersion"; Value = "Dec-1997"; VariantName = "[No Variations]"
Add component (AddParameter): Name = "LatestRevisionDate"; Value = "17-Jul-2002"; VariantName = "[No Variations]"
Add component (AddParameter): Name = "LatestRevisionNote"; Value = "Re-released for DXP Platform."; VariantName = "[No Variations]"
Add component (AddParameter): Name = "PackageDescription"; Value = "Diode, Axial; Body 5.2 x 2.7 mm (LxDia. max), Lead Dia. 0.86 mm (max)"; VariantName = "[No Variations]"
Add component (AddParameter): Name = "PackageReference"; Value = "DO-204AL"; VariantName = "[No Variations]"
Add component (AddParameter): Name = "Published"; Value = "8-Jun-2000"; VariantName = "[No Variations]"
Add component (AddParameter): Name = "Publisher"; Value = "Altium Limited"; VariantName = "[No Variations]"
Added Component: Designator=D6(VISH-DO-214AB-2_V)
Add component (AddParameter): Name = "Datasheet URL"; Value = "http://www.vishay.com/docs/88751/ss32.pdf"; VariantName = "[No Variations]"
Add component (AddParameter): Name = "Datasheet Version"; Value = "08/2015"; VariantName = "[No Variations]"
Add component (AddParameter): Name = "Diode Case Style"; Value = "DO-214AB"; VariantName = "[No Variations]"
Add component (AddParameter): Name = "Diode Configuration"; Value = "Single"; VariantName = "[No Variations]"
Add component (AddParameter): Name = "Diode Type"; Value = "Schottky"; VariantName = "[No Variations]"
Add component (AddParameter): Name = "Forward Current If(AV)"; Value = "3A"; VariantName = "[No Variations]"
Add component (AddParameter): Name = "Forward Surge Current Ifsm Max"; Value = "100A"; VariantName = "[No Variations]"
Add component (AddParameter): Name = "Forward Voltage VF Max"; Value = "750mV"; VariantName = "[No Variations]"
Add component (AddParameter): Name = "Manufacturer"; Value = "Vishay"; VariantName = "[No Variations]"
Add component (AddParameter): Name = "Manufacturer URL"; Value = "http://www.vishay.com/"; VariantName = "[No Variations]"
Add component (AddParameter): Name = "Mounting Technology"; Value = "SurfaceMount"; VariantName = "[No Variations]"
Add component (AddParameter): Name = "No. of Pins"; Value = "2Pins"; VariantName = "[No Variations]"
Add component (AddParameter): Name = "Operating Temperature Max"; Value = "150°C"; VariantName = "[No Variations]"
Add component (AddParameter): Name = "Package Description"; Value = "2-Pin Surface Mount Device, Body 6.855 x 5.905 mm"; VariantName = "[No Variations]"
Add component (AddParameter): Name = "Package Reference"; Value = "DO-214AB"; VariantName = "[No Variations]"
Add component (AddParameter): Name = "Packaging"; Value = "CutTape"; VariantName = "[No Variations]"
Add component (AddParameter): Name = "Product Range"; Value = "-"; VariantName = "[No Variations]"
Add component (AddParameter): Name = "Repetitive Reverse Voltage Vrrm Max"; Value = "60V"; VariantName = "[No Variations]"
Add component (AddParameter): Name = "SVHC"; Value = "ToBeAdvised"; VariantName = "[No Variations]"
Added Component: Designator=D7(DIOD-B360A_V)
Add component (AddParameter): Name = "Brand"; Value = "DiodesIncorporated"; VariantName = "[No Variations]"
Add component (AddParameter): Name = "Configuration"; Value = "Single"; VariantName = "[No Variations]"
Add component (AddParameter): Name = "Datasheet URL"; Value = "https://datasheet.ciiva.com/914/ds30891-914080.pdf"; VariantName = "[No Variations]"
Add component (AddParameter): Name = "Datasheet Version"; Value = "Rev. 15-2, 09/2014"; VariantName = "[No Variations]"
Add component (AddParameter): Name = "Factory Pack Quantity"; Value = "5000"; VariantName = "[No Variations]"
Add component (AddParameter): Name = "Height"; Value = "2.3mm"; VariantName = "[No Variations]"
Add component (AddParameter): Name = "If - Forward Current"; Value = "3A"; VariantName = "[No Variations]"
Add component (AddParameter): Name = "Ifsm - Forward Surge Current"; Value = "80A"; VariantName = "[No Variations]"
Add component (AddParameter): Name = "Ir - Reverse Current"; Value = "500uA"; VariantName = "[No Variations]"
Add component (AddParameter): Name = "Length"; Value = "4.6mm"; VariantName = "[No Variations]"
Add component (AddParameter): Name = "Manufacturer"; Value = "DiodesIncorporated"; VariantName = "[No Variations]"
Add component (AddParameter): Name = "Manufacturer URL"; Value = "http://www.diodes.com/"; VariantName = "[No Variations]"
Add component (AddParameter): Name = "Maximum Operating Temperature"; Value = "+125C"; VariantName = "[No Variations]"
Add component (AddParameter): Name = "Minimum Operating Temperature"; Value = "-55C"; VariantName = "[No Variations]"
Add component (AddParameter): Name = "Mounting Style"; Value = "SMD/SMT"; VariantName = "[No Variations]"
Add component (AddParameter): Name = "Mounting Technology"; Value = "SurfaceMount"; VariantName = "[No Variations]"
Add component (AddParameter): Name = "Operating Temperature Range"; Value = "-55Cto+125C"; VariantName = "[No Variations]"
Add component (AddParameter): Name = "Package / Case"; Value = "SMA"; VariantName = "[No Variations]"
Add component (AddParameter): Name = "Package Description"; Value = "2-Pin Surface Mount Device, Body 4.3 x 2.605 mm"; VariantName = "[No Variations]"
Add component (AddParameter): Name = "Package Reference"; Value = "B360A"; VariantName = "[No Variations]"
Add component (AddParameter): Name = "Packaging"; Value = "Reel"; VariantName = "[No Variations]"
Add component (AddParameter): Name = "Product"; Value = "SchottkyDiodes"; VariantName = "[No Variations]"
Add component (AddParameter): Name = "Product Category"; Value = "SchottkyDiodes&Rectifiers"; VariantName = "[No Variations]"
Add component (AddParameter): Name = "RoHS"; Value = "True"; VariantName = "[No Variations]"
Add component (AddParameter): Name = "Series"; Value = "B360"; VariantName = "[No Variations]"
Add component (AddParameter): Name = "Technology"; Value = "Si"; VariantName = "[No Variations]"
Add component (AddParameter): Name = "Termination Style"; Value = "SMD/SMT"; VariantName = "[No Variations]"
Add component (AddParameter): Name = "Type"; Value = "SchottkyBarrierRectifier"; VariantName = "[No Variations]"
Add component (AddParameter): Name = "Unit Weight"; Value = "0.002258oz"; VariantName = "[No Variations]"
Add component (AddParameter): Name = "Vf - Forward Voltage"; Value = "0.7V"; VariantName = "[No Variations]"
Add component (AddParameter): Name = "Vrrm - Repetitive Reverse Voltage"; Value = "60V"; VariantName = "[No Variations]"
Add component (AddParameter): Name = "Width"; Value = "2.92mm"; VariantName = "[No Variations]"
Added Component: Designator=D8(DIOD-B360A_V)
Add component (AddParameter): Name = "Brand"; Value = "DiodesIncorporated"; VariantName = "[No Variations]"
Add component (AddParameter): Name = "Configuration"; Value = "Single"; VariantName = "[No Variations]"
Add component (AddParameter): Name = "Datasheet URL"; Value = "https://datasheet.ciiva.com/914/ds30891-914080.pdf"; VariantName = "[No Variations]"
Add component (AddParameter): Name = "Datasheet Version"; Value = "Rev. 15-2, 09/2014"; VariantName = "[No Variations]"
Add component (AddParameter): Name = "Factory Pack Quantity"; Value = "5000"; VariantName = "[No Variations]"
Add component (AddParameter): Name = "Height"; Value = "2.3mm"; VariantName = "[No Variations]"
Add component (AddParameter): Name = "If - Forward Current"; Value = "3A"; VariantName = "[No Variations]"
Add component (AddParameter): Name = "Ifsm - Forward Surge Current"; Value = "80A"; VariantName = "[No Variations]"
Add component (AddParameter): Name = "Ir - Reverse Current"; Value = "500uA"; VariantName = "[No Variations]"
Add component (AddParameter): Name = "Length"; Value = "4.6mm"; VariantName = "[No Variations]"
Add component (AddParameter): Name = "Manufacturer"; Value = "DiodesIncorporated"; VariantName = "[No Variations]"
Add component (AddParameter): Name = "Manufacturer URL"; Value = "http://www.diodes.com/"; VariantName = "[No Variations]"
Add component (AddParameter): Name = "Maximum Operating Temperature"; Value = "+125C"; VariantName = "[No Variations]"
Add component (AddParameter): Name = "Minimum Operating Temperature"; Value = "-55C"; VariantName = "[No Variations]"
Add component (AddParameter): Name = "Mounting Style"; Value = "SMD/SMT"; VariantName = "[No Variations]"
Add component (AddParameter): Name = "Mounting Technology"; Value = "SurfaceMount"; VariantName = "[No Variations]"
Add component (AddParameter): Name = "Operating Temperature Range"; Value = "-55Cto+125C"; VariantName = "[No Variations]"
Add component (AddParameter): Name = "Package / Case"; Value = "SMA"; VariantName = "[No Variations]"
Add component (AddParameter): Name = "Package Description"; Value = "2-Pin Surface Mount Device, Body 4.3 x 2.605 mm"; VariantName = "[No Variations]"
Add component (AddParameter): Name = "Package Reference"; Value = "B360A"; VariantName = "[No Variations]"
Add component (AddParameter): Name = "Packaging"; Value = "Reel"; VariantName = "[No Variations]"
Add component (AddParameter): Name = "Product"; Value = "SchottkyDiodes"; VariantName = "[No Variations]"
Add component (AddParameter): Name = "Product Category"; Value = "SchottkyDiodes&Rectifiers"; VariantName = "[No Variations]"
Add component (AddParameter): Name = "RoHS"; Value = "True"; VariantName = "[No Variations]"
Add component (AddParameter): Name = "Series"; Value = "B360"; VariantName = "[No Variations]"
Add component (AddParameter): Name = "Technology"; Value = "Si"; VariantName = "[No Variations]"
Add component (AddParameter): Name = "Termination Style"; Value = "SMD/SMT"; VariantName = "[No Variations]"
Add component (AddParameter): Name = "Type"; Value = "SchottkyBarrierRectifier"; VariantName = "[No Variations]"
Add component (AddParameter): Name = "Unit Weight"; Value = "0.002258oz"; VariantName = "[No Variations]"
Add component (AddParameter): Name = "Vf - Forward Voltage"; Value = "0.7V"; VariantName = "[No Variations]"
Add component (AddParameter): Name = "Vrrm - Repetitive Reverse Voltage"; Value = "60V"; VariantName = "[No Variations]"
Add component (AddParameter): Name = "Width"; Value = "2.92mm"; VariantName = "[No Variations]"
Added Component: Designator=L1(SUMI-CDRH127_V)
Add component (AddParameter): Name = "Catalog Drawings"; Value = "CDRH127SeriesFrontCDRH127SeriesSideCDRH127SeriesBottom"; VariantName = "[No Variations]"
Add component (AddParameter): Name = "Category"; Value = "Inductors,Coils,Chokes"; VariantName = "[No Variations]"
Add component (AddParameter): Name = "Current - Saturation"; Value = "-"; VariantName = "[No Variations]"
Add component (AddParameter): Name = "Current Rating"; Value = "5.4A"; VariantName = "[No Variations]"
Add component (AddParameter): Name = "Datasheet URL"; Value = "http://products.sumida.com/products/pdf/CDRH127.pdf"; VariantName = "[No Variations]"
Add component (AddParameter): Name = "Datasheet Version"; Value = "01/2014"; VariantName = "[No Variations]"
Add component (AddParameter): Name = "DC Resistance (DCR)"; Value = "21.6mOhmMax"; VariantName = "[No Variations]"
Add component (AddParameter): Name = "Family"; Value = "FixedInductors"; VariantName = "[No Variations]"
Add component (AddParameter): Name = "Frequency - Self Resonant"; Value = "-"; VariantName = "[No Variations]"
Add component (AddParameter): Name = "Frequency - Test"; Value = "1kHz"; VariantName = "[No Variations]"
Add component (AddParameter): Name = "Height - Seated (Max)"; Value = "0.315"(8.00mm)"; VariantName = "[No Variations]"
Add component (AddParameter): Name = "Inductance"; Value = "10µH"; VariantName = "[No Variations]"
Add component (AddParameter): Name = "Manufacturer"; Value = "Sumida"; VariantName = "[No Variations]"
Add component (AddParameter): Name = "Manufacturer URL"; Value = "http://www.sumida.com/"; VariantName = "[No Variations]"
Add component (AddParameter): Name = "Material - Core"; Value = "-"; VariantName = "[No Variations]"
Add component (AddParameter): Name = "Mounting Technology"; Value = "SurfaceMount"; VariantName = "[No Variations]"
Add component (AddParameter): Name = "Mounting Type"; Value = "SurfaceMount"; VariantName = "[No Variations]"
Add component (AddParameter): Name = "Online Catalog"; Value = "CDRHSeries"; VariantName = "[No Variations]"
Add component (AddParameter): Name = "Operating Temperature"; Value = "-40°C~100°C"; VariantName = "[No Variations]"
Add component (AddParameter): Name = "Other Names"; Value = "308-1457-1"; VariantName = "[No Variations]"
Add component (AddParameter): Name = "Package / Case"; Value = "Nonstandard"; VariantName = "[No Variations]"
Add component (AddParameter): Name = "Package Description"; Value = "2-Pin Surface Mount Device, Body 12 x 12 mm"; VariantName = "[No Variations]"
Add component (AddParameter): Name = "Package Reference"; Value = "CDRH127"; VariantName = "[No Variations]"
Add component (AddParameter): Name = "Packaging"; Value = "CutTape(CT)"; VariantName = "[No Variations]"
Add component (AddParameter): Name = "Product Training Modules"; Value = "PowerInductorBasics"; VariantName = "[No Variations]"
Add component (AddParameter): Name = "Q @ Freq"; Value = "-"; VariantName = "[No Variations]"
Add component (AddParameter): Name = "Ratings"; Value = "-"; VariantName = "[No Variations]"
Add component (AddParameter): Name = "Series"; Value = "CDRH127"; VariantName = "[No Variations]"
Add component (AddParameter): Name = "Shielding"; Value = "Shielded"; VariantName = "[No Variations]"
Add component (AddParameter): Name = "Size / Dimension"; Value = "0.472"Lx0.472"W(12.00mmx12.00mm)"; VariantName = "[No Variations]"
Add component (AddParameter): Name = "Standard Package"; Value = "1"; VariantName = "[No Variations]"
Add component (AddParameter): Name = "Tolerance"; Value = "±20%"; VariantName = "[No Variations]"
Add component (AddParameter): Name = "Type"; Value = "-"; VariantName = "[No Variations]"
Added Component: Designator=P1(HDR2X6H)
Add component (AddParameter): Name = "LatestRevisionDate"; Value = "17-Jul-2002"; VariantName = "[No Variations]"
Add component (AddParameter): Name = "LatestRevisionNote"; Value = "Re-released for DXP Platform."; VariantName = "[No Variations]"
Add component (AddParameter): Name = "Publisher"; Value = "Altium Limited"; VariantName = "[No Variations]"
Added Component: Designator=P2(HDR2X6)
Add component (AddParameter): Name = "LatestRevisionDate"; Value = "17-Jul-2002"; VariantName = "[No Variations]"
Add component (AddParameter): Name = "LatestRevisionNote"; Value = "Re-released for DXP Platform."; VariantName = "[No Variations]"
Add component (AddParameter): Name = "Publisher"; Value = "Altium Limited"; VariantName = "[No Variations]"
Added Component: Designator=Q1(DPAK254P1542X450-3N - duplicate)
Add component (AddParameter): Name = "ComponentLink1Description"; Value = "Manufacturer Link"; VariantName = "[No Variations]"
Add component (AddParameter): Name = "ComponentLink1URL"; Value = "http://www.irf.com/"; VariantName = "[No Variations]"
Add component (AddParameter): Name = "DatasheetVersion"; Value = "PD-9.814"; VariantName = "[No Variations]"
Add component (AddParameter): Name = "LatestRevisionDate"; Value = "17-Jul-2002"; VariantName = "[No Variations]"
Add component (AddParameter): Name = "LatestRevisionNote"; Value = "Re-released for DXP Platform."; VariantName = "[No Variations]"
Add component (AddParameter): Name = "Note"; Value = "Pin 2 is electrically connected to pin 4."; VariantName = "[No Variations]"
Add component (AddParameter): Name = "PackageDescription"; Value = "TO, Thru-Hole, Vertical, Heatsink Mounted; 3 In-Line Leads; Pitch 2.54 mm"; VariantName = "[No Variations]"
Add component (AddParameter): Name = "PackageReference"; Value = "TO-220AB"; VariantName = "[No Variations]"
Add component (AddParameter): Name = "PackageVersion"; Value = "Feb-1997"; VariantName = "[No Variations]"
Add component (AddParameter): Name = "Published"; Value = "8-Jun-2000"; VariantName = "[No Variations]"
Add component (AddParameter): Name = "Publisher"; Value = "Altium Limited"; VariantName = "[No Variations]"
Added Component: Designator=R1(Chip_Res_1206)
Add component (AddParameter): Name = "LatestRevisionDate"; Value = "17-Jul-2002"; VariantName = "[No Variations]"
Add component (AddParameter): Name = "LatestRevisionNote"; Value = "Re-released for DXP Platform."; VariantName = "[No Variations]"
Add component (AddParameter): Name = "PackageDescription"; Value = "Axial Device, Thru-Hole; 2 Leads; 0.3 in Pin Spacing"; VariantName = "[No Variations]"
Add component (AddParameter): Name = "PackageReference"; Value = "AXIAL-0.3"; VariantName = "[No Variations]"
Add component (AddParameter): Name = "Published"; Value = "8-Jun-2000"; VariantName = "[No Variations]"
Add component (AddParameter): Name = "Publisher"; Value = "Altium Limited"; VariantName = "[No Variations]"
Add component (AddParameter): Name = "Value"; Value = "1K"; VariantName = "[No Variations]"
Added Component: Designator=R2(Chip_Res_1206)
Add component (AddParameter): Name = "LatestRevisionDate"; Value = "17-Jul-2002"; VariantName = "[No Variations]"
Add component (AddParameter): Name = "LatestRevisionNote"; Value = "Re-released for DXP Platform."; VariantName = "[No Variations]"
Add component (AddParameter): Name = "PackageDescription"; Value = "Axial Device, Thru-Hole; 2 Leads; 0.3 in Pin Spacing"; VariantName = "[No Variations]"
Add component (AddParameter): Name = "PackageReference"; Value = "AXIAL-0.3"; VariantName = "[No Variations]"
Add component (AddParameter): Name = "Published"; Value = "8-Jun-2000"; VariantName = "[No Variations]"
Add component (AddParameter): Name = "Publisher"; Value = "Altium Limited"; VariantName = "[No Variations]"
Add component (AddParameter): Name = "Value"; Value = "1K"; VariantName = "[No Variations]"
Added Component: Designator=R3(Chip_Res_1206)
Add component (AddParameter): Name = "LatestRevisionDate"; Value = "17-Jul-2002"; VariantName = "[No Variations]"
Add component (AddParameter): Name = "LatestRevisionNote"; Value = "Re-released for DXP Platform."; VariantName = "[No Variations]"
Add component (AddParameter): Name = "PackageDescription"; Value = "Axial Device, Thru-Hole; 2 Leads; 0.3 in Pin Spacing"; VariantName = "[No Variations]"
Add component (AddParameter): Name = "PackageReference"; Value = "AXIAL-0.3"; VariantName = "[No Variations]"
Add component (AddParameter): Name = "Published"; Value = "8-Jun-2000"; VariantName = "[No Variations]"
Add component (AddParameter): Name = "Publisher"; Value = "Altium Limited"; VariantName = "[No Variations]"
Add component (AddParameter): Name = "Value"; Value = "10E"; VariantName = "[No Variations]"
Added Component: Designator=R4(Chip_Res_1206)
Add component (AddParameter): Name = "LatestRevisionDate"; Value = "17-Jul-2002"; VariantName = "[No Variations]"
Add component (AddParameter): Name = "LatestRevisionNote"; Value = "Re-released for DXP Platform."; VariantName = "[No Variations]"
Add component (AddParameter): Name = "PackageDescription"; Value = "Axial Device, Thru-Hole; 2 Leads; 0.3 in Pin Spacing"; VariantName = "[No Variations]"
Add component (AddParameter): Name = "PackageReference"; Value = "AXIAL-0.3"; VariantName = "[No Variations]"
Add component (AddParameter): Name = "Published"; Value = "8-Jun-2000"; VariantName = "[No Variations]"
Add component (AddParameter): Name = "Publisher"; Value = "Altium Limited"; VariantName = "[No Variations]"
Add component (AddParameter): Name = "Value"; Value = "105K"; VariantName = "[No Variations]"
Added Component: Designator=R5(Chip_Res_1206)
Add component (AddParameter): Name = "LatestRevisionDate"; Value = "17-Jul-2002"; VariantName = "[No Variations]"
Add component (AddParameter): Name = "LatestRevisionNote"; Value = "Re-released for DXP Platform."; VariantName = "[No Variations]"
Add component (AddParameter): Name = "PackageDescription"; Value = "Axial Device, Thru-Hole; 2 Leads; 0.3 in Pin Spacing"; VariantName = "[No Variations]"
Add component (AddParameter): Name = "PackageReference"; Value = "AXIAL-0.3"; VariantName = "[No Variations]"
Add component (AddParameter): Name = "Published"; Value = "8-Jun-2000"; VariantName = "[No Variations]"
Add component (AddParameter): Name = "Publisher"; Value = "Altium Limited"; VariantName = "[No Variations]"
Add component (AddParameter): Name = "Value"; Value = "1K"; VariantName = "[No Variations]"
Added Component: Designator=R6(Chip_Res_1206)
Add component (AddParameter): Name = "LatestRevisionDate"; Value = "17-Jul-2002"; VariantName = "[No Variations]"
Add component (AddParameter): Name = "LatestRevisionNote"; Value = "Re-released for DXP Platform."; VariantName = "[No Variations]"
Add component (AddParameter): Name = "PackageDescription"; Value = "Axial Device, Thru-Hole; 2 Leads; 0.3 in Pin Spacing"; VariantName = "[No Variations]"
Add component (AddParameter): Name = "PackageReference"; Value = "AXIAL-0.3"; VariantName = "[No Variations]"
Add component (AddParameter): Name = "Published"; Value = "8-Jun-2000"; VariantName = "[No Variations]"
Add component (AddParameter): Name = "Publisher"; Value = "Altium Limited"; VariantName = "[No Variations]"
Add component (AddParameter): Name = "Value"; Value = "1.5K"; VariantName = "[No Variations]"
Added Component: Designator=R7(Chip_Res_1206)
Add component (AddParameter): Name = "LatestRevisionDate"; Value = "17-Jul-2002"; VariantName = "[No Variations]"
Add component (AddParameter): Name = "LatestRevisionNote"; Value = "Re-released for DXP Platform."; VariantName = "[No Variations]"
Add component (AddParameter): Name = "PackageDescription"; Value = "Axial Device, Thru-Hole; 2 Leads; 0.3 in Pin Spacing"; VariantName = "[No Variations]"
Add component (AddParameter): Name = "PackageReference"; Value = "AXIAL-0.3"; VariantName = "[No Variations]"
Add component (AddParameter): Name = "Published"; Value = "8-Jun-2000"; VariantName = "[No Variations]"
Add component (AddParameter): Name = "Publisher"; Value = "Altium Limited"; VariantName = "[No Variations]"
Add component (AddParameter): Name = "Value"; Value = "28.7K"; VariantName = "[No Variations]"
Added Component: Designator=R8(Chip2PinSM127P600-8N_2512)
Add component (AddParameter): Name = "LatestRevisionDate"; Value = "17-Jul-2002"; VariantName = "[No Variations]"
Add component (AddParameter): Name = "LatestRevisionNote"; Value = "Re-released for DXP Platform."; VariantName = "[No Variations]"
Add component (AddParameter): Name = "PackageDescription"; Value = "Axial Device, Thru-Hole; 2 Leads; 0.3 in Pin Spacing"; VariantName = "[No Variations]"
Add component (AddParameter): Name = "PackageReference"; Value = "AXIAL-0.3"; VariantName = "[No Variations]"
Add component (AddParameter): Name = "Published"; Value = "8-Jun-2000"; VariantName = "[No Variations]"
Add component (AddParameter): Name = "Publisher"; Value = "Altium Limited"; VariantName = "[No Variations]"
Add component (AddParameter): Name = "Value"; Value = "0.56E"; VariantName = "[No Variations]"
Added Component: Designator=R9(Chip_Res_1206)
Add component (AddParameter): Name = "LatestRevisionDate"; Value = "17-Jul-2002"; VariantName = "[No Variations]"
Add component (AddParameter): Name = "LatestRevisionNote"; Value = "Re-released for DXP Platform."; VariantName = "[No Variations]"
Add component (AddParameter): Name = "PackageDescription"; Value = "Axial Device, Thru-Hole; 2 Leads; 0.3 in Pin Spacing"; VariantName = "[No Variations]"
Add component (AddParameter): Name = "PackageReference"; Value = "AXIAL-0.3"; VariantName = "[No Variations]"
Add component (AddParameter): Name = "Published"; Value = "8-Jun-2000"; VariantName = "[No Variations]"
Add component (AddParameter): Name = "Publisher"; Value = "Altium Limited"; VariantName = "[No Variations]"
Add component (AddParameter): Name = "Value"; Value = "10K"; VariantName = "[No Variations]"
Added Component: Designator=R10(Chip_Res_1206)
Add component (AddParameter): Name = "LatestRevisionDate"; Value = "17-Jul-2002"; VariantName = "[No Variations]"
Add component (AddParameter): Name = "LatestRevisionNote"; Value = "Re-released for DXP Platform."; VariantName = "[No Variations]"
Add component (AddParameter): Name = "PackageDescription"; Value = "Axial Device, Thru-Hole; 2 Leads; 0.3 in Pin Spacing"; VariantName = "[No Variations]"
Add component (AddParameter): Name = "PackageReference"; Value = "AXIAL-0.3"; VariantName = "[No Variations]"
Add component (AddParameter): Name = "Published"; Value = "8-Jun-2000"; VariantName = "[No Variations]"
Add component (AddParameter): Name = "Publisher"; Value = "Altium Limited"; VariantName = "[No Variations]"
Add component (AddParameter): Name = "Value"; Value = "1K"; VariantName = "[No Variations]"
Added Component: Designator=R11(Chip_Res_1206)
Add component (AddParameter): Name = "LatestRevisionDate"; Value = "17-Jul-2002"; VariantName = "[No Variations]"
Add component (AddParameter): Name = "LatestRevisionNote"; Value = "Re-released for DXP Platform."; VariantName = "[No Variations]"
Add component (AddParameter): Name = "PackageDescription"; Value = "Axial Device, Thru-Hole; 2 Leads; 0.3 in Pin Spacing"; VariantName = "[No Variations]"
Add component (AddParameter): Name = "PackageReference"; Value = "AXIAL-0.3"; VariantName = "[No Variations]"
Add component (AddParameter): Name = "Published"; Value = "8-Jun-2000"; VariantName = "[No Variations]"
Add component (AddParameter): Name = "Publisher"; Value = "Altium Limited"; VariantName = "[No Variations]"
Add component (AddParameter): Name = "Value"; Value = "180K"; VariantName = "[No Variations]"
Added Component: Designator=R12(Chip_Res_1206)
Add component (AddParameter): Name = "LatestRevisionDate"; Value = "17-Jul-2002"; VariantName = "[No Variations]"
Add component (AddParameter): Name = "LatestRevisionNote"; Value = "Re-released for DXP Platform."; VariantName = "[No Variations]"
Add component (AddParameter): Name = "PackageDescription"; Value = "Axial Device, Thru-Hole; 2 Leads; 0.3 in Pin Spacing"; VariantName = "[No Variations]"
Add component (AddParameter): Name = "PackageReference"; Value = "AXIAL-0.3"; VariantName = "[No Variations]"
Add component (AddParameter): Name = "Published"; Value = "8-Jun-2000"; VariantName = "[No Variations]"
Add component (AddParameter): Name = "Publisher"; Value = "Altium Limited"; VariantName = "[No Variations]"
Add component (AddParameter): Name = "Value"; Value = "1E"; VariantName = "[No Variations]"
Added Component: Designator=R13(Chip_Res_1206)
Add component (AddParameter): Name = "LatestRevisionDate"; Value = "17-Jul-2002"; VariantName = "[No Variations]"
Add component (AddParameter): Name = "LatestRevisionNote"; Value = "Re-released for DXP Platform."; VariantName = "[No Variations]"
Add component (AddParameter): Name = "PackageDescription"; Value = "Axial Device, Thru-Hole; 2 Leads; 0.3 in Pin Spacing"; VariantName = "[No Variations]"
Add component (AddParameter): Name = "PackageReference"; Value = "AXIAL-0.3"; VariantName = "[No Variations]"
Add component (AddParameter): Name = "Published"; Value = "8-Jun-2000"; VariantName = "[No Variations]"
Add component (AddParameter): Name = "Publisher"; Value = "Altium Limited"; VariantName = "[No Variations]"
Add component (AddParameter): Name = "Value"; Value = "1K"; VariantName = "[No Variations]"
Added Component: Designator=R14(Chip_Res_1206)
Add component (AddParameter): Name = "LatestRevisionDate"; Value = "17-Jul-2002"; VariantName = "[No Variations]"
Add component (AddParameter): Name = "LatestRevisionNote"; Value = "Re-released for DXP Platform."; VariantName = "[No Variations]"
Add component (AddParameter): Name = "PackageDescription"; Value = "Axial Device, Thru-Hole; 2 Leads; 0.3 in Pin Spacing"; VariantName = "[No Variations]"
Add component (AddParameter): Name = "PackageReference"; Value = "AXIAL-0.3"; VariantName = "[No Variations]"
Add component (AddParameter): Name = "Published"; Value = "8-Jun-2000"; VariantName = "[No Variations]"
Add component (AddParameter): Name = "Publisher"; Value = "Altium Limited"; VariantName = "[No Variations]"
Add component (AddParameter): Name = "Value"; Value = "205K"; VariantName = "[No Variations]"
Added Component: Designator=R15(Chip_Res_1206)
Add component (AddParameter): Name = "LatestRevisionDate"; Value = "17-Jul-2002"; VariantName = "[No Variations]"
Add component (AddParameter): Name = "LatestRevisionNote"; Value = "Re-released for DXP Platform."; VariantName = "[No Variations]"
Add component (AddParameter): Name = "PackageDescription"; Value = "Axial Device, Thru-Hole; 2 Leads; 0.3 in Pin Spacing"; VariantName = "[No Variations]"
Add component (AddParameter): Name = "PackageReference"; Value = "AXIAL-0.3"; VariantName = "[No Variations]"
Add component (AddParameter): Name = "Published"; Value = "8-Jun-2000"; VariantName = "[No Variations]"
Add component (AddParameter): Name = "Publisher"; Value = "Altium Limited"; VariantName = "[No Variations]"
Add component (AddParameter): Name = "Value"; Value = "18.7K"; VariantName = "[No Variations]"
Added Component: Designator=R16(Chip_Res_1206)
Add component (AddParameter): Name = "LatestRevisionDate"; Value = "17-Jul-2002"; VariantName = "[No Variations]"
Add component (AddParameter): Name = "LatestRevisionNote"; Value = "Re-released for DXP Platform."; VariantName = "[No Variations]"
Add component (AddParameter): Name = "PackageDescription"; Value = "Axial Device, Thru-Hole; 2 Leads; 0.3 in Pin Spacing"; VariantName = "[No Variations]"
Add component (AddParameter): Name = "PackageReference"; Value = "AXIAL-0.3"; VariantName = "[No Variations]"
Add component (AddParameter): Name = "Published"; Value = "8-Jun-2000"; VariantName = "[No Variations]"
Add component (AddParameter): Name = "Publisher"; Value = "Altium Limited"; VariantName = "[No Variations]"
Add component (AddParameter): Name = "Value"; Value = "NC"; VariantName = "[No Variations]"
Added Component: Designator=R17(Chip_Res_1206)
Add component (AddParameter): Name = "LatestRevisionDate"; Value = "17-Jul-2002"; VariantName = "[No Variations]"
Add component (AddParameter): Name = "LatestRevisionNote"; Value = "Re-released for DXP Platform."; VariantName = "[No Variations]"
Add component (AddParameter): Name = "PackageDescription"; Value = "Axial Device, Thru-Hole; 2 Leads; 0.3 in Pin Spacing"; VariantName = "[No Variations]"
Add component (AddParameter): Name = "PackageReference"; Value = "AXIAL-0.3"; VariantName = "[No Variations]"
Add component (AddParameter): Name = "Published"; Value = "8-Jun-2000"; VariantName = "[No Variations]"
Add component (AddParameter): Name = "Publisher"; Value = "Altium Limited"; VariantName = "[No Variations]"
Add component (AddParameter): Name = "Value"; Value = "39K"; VariantName = "[No Variations]"
Added Component: Designator=T1(EE25-EpcosH)
Added Component: Designator=TP1(PIN1)
Add component (AddParameter): Name = "LatestRevisionDate"; Value = "17-Jul-2002"; VariantName = "[No Variations]"
Add component (AddParameter): Name = "LatestRevisionNote"; Value = "Re-released for DXP Platform."; VariantName = "[No Variations]"
Add component (AddParameter): Name = "Publisher"; Value = "Altium Limited"; VariantName = "[No Variations]"
Added Component: Designator=U1(SOIC127P570X175_HS-9N)
Added Component: Designator=U2(LTV-817)
Add component (AddParameter): Name = "DatasheetVersion"; Value = "Nov-2003"; VariantName = "[No Variations]"
Add component (AddParameter): Name = "LatestRevisionDate"; Value = "04-Mar-2005"; VariantName = "[No Variations]"
Add component (AddParameter): Name = "LatestRevisionNote"; Value = "Sch pins 3 & 4 Swapped."; VariantName = "[No Variations]"
Add component (AddParameter): Name = "PackageReference"; Value = "DIP-4"; VariantName = "[No Variations]"
Add component (AddParameter): Name = "Published"; Value = "24-Mar-1999"; VariantName = "[No Variations]"
Add component (AddParameter): Name = "Publisher"; Value = "Altium Limited"; VariantName = "[No Variations]"
Added Component: Designator=U3(DBZ0003A_L)
Add component (AddParameter): Name = "Code_JEDEC"; Value = "TO-236"; VariantName = "[No Variations]"
Add component (AddParameter): Name = "ComponentLink1Description"; Value = "Manufacturer URL"; VariantName = "[No Variations]"
Add component (AddParameter): Name = "ComponentLink1URL"; Value = "http://www.ti.com/"; VariantName = "[No Variations]"
Add component (AddParameter): Name = "ComponentLink2Description"; Value = "Datasheet"; VariantName = "[No Variations]"
Add component (AddParameter): Name = "ComponentLink2URL"; Value = "http://www.ti.com/general/docs/lit/getliterature.tsp?genericPartNumber=TL431A&fileType=pdf"; VariantName = "[No Variations]"
Add component (AddParameter): Name = "ComponentLink3Description"; Value = "Package Specification"; VariantName = "[No Variations]"
Add component (AddParameter): Name = "ComponentLink3URL"; Value = "http://www.ti.com/litv/pdf/mpds108a"; VariantName = "[No Variations]"
Add component (AddParameter): Name = "DatasheetVersion"; Value = "SLVS543M"; VariantName = "[No Variations]"
Add component (AddParameter): Name = "Eco-Plan"; Value = "Green (RoHS & no Sb/Br)"; VariantName = "[No Variations]"
Add component (AddParameter): Name = "Initial Accuracy @ 25/deg C(%)"; Value = "1"; VariantName = "[No Variations]"
Add component (AddParameter): Name = "Iout/Iz(Max)(mA)"; Value = "100"; VariantName = "[No Variations]"
Add component (AddParameter): Name = "Manufacturer"; Value = "Texas Instruments"; VariantName = "[No Variations]"
Add component (AddParameter): Name = "Min Iz for Regulation(uA)"; Value = "600"; VariantName = "[No Variations]"
Add component (AddParameter): Name = "Mounting Technology"; Value = "Surface Mount"; VariantName = "[No Variations]"
Add component (AddParameter): Name = "PackageDescription"; Value = "3-Pin Plastic Small Outline, Body 2.92 x 1.3 mm, Pitch 0.95 mm"; VariantName = "[No Variations]"
Add component (AddParameter): Name = "PackageReference"; Value = "DBZ0003A"; VariantName = "[No Variations]"
Add component (AddParameter): Name = "PackageVersion"; Value = "4203227/B"; VariantName = "[No Variations]"
Add component (AddParameter): Name = "PartNumber"; Value = "TL431ACDBZR"; VariantName = "[No Variations]"
Add component (AddParameter): Name = "Rating"; Value = "Catalog"; VariantName = "[No Variations]"
Add component (AddParameter): Name = "SubFamily"; Value = "Shunt Voltage Reference"; VariantName = "[No Variations]"
Add component (AddParameter): Name = "Temp Coeff(Typ)(ppm/ degree C)"; Value = "34"; VariantName = "[No Variations]"
Add component (AddParameter): Name = "VO Adj(Max)(V)"; Value = "36"; VariantName = "[No Variations]"
Add component (AddParameter): Name = "VO Adj(Min)(V)"; Value = "2.495"; VariantName = "[No Variations]"
Added Component: Designator=VR1(DPAK254P1542X450-3N - duplicate)
Add component (AddParameter): Name = "LatestRevisionDate"; Value = "29-May-2009"; VariantName = "[No Variations]"
Add component (AddParameter): Name = "LatestRevisionNote"; Value = "IPC-7351 Footprint Added."; VariantName = "[No Variations]"
Add component (AddParameter): Name = "PackageDescription"; Value = "3-Pin Transistor Outline Package 2.54 mm Pitch, 15.1 mm Lead Span"; VariantName = "[No Variations]"
Add component (AddParameter): Name = "PackageReference"; Value = "D2PAK"; VariantName = "[No Variations]"
Add component (AddParameter): Name = "Published"; Value = "24-Mar-1999"; VariantName = "[No Variations]"
Add component (AddParameter): Name = "Publisher"; Value = "Altium Limited"; VariantName = "[No Variations]"
Added Component: Designator=VR2(SOT230P700X180-4N)
Add component (AddParameter): Name = "LatestRevisionDate"; Value = "29-May-2009"; VariantName = "[No Variations]"
Add component (AddParameter): Name = "LatestRevisionNote"; Value = "IPC-7351 Footprint Added."; VariantName = "[No Variations]"
Add component (AddParameter): Name = "PackageDescription"; Value = "3-Pin Transistor Outline Package 2.54 mm Pitch, 15.1 mm Lead Span"; VariantName = "[No Variations]"
Add component (AddParameter): Name = "PackageReference"; Value = "D2PAK"; VariantName = "[No Variations]"
Add component (AddParameter): Name = "Published"; Value = "24-Mar-1999"; VariantName = "[No Variations]"
Add component (AddParameter): Name = "Publisher"; Value = "Altium Limited"; VariantName = "[No Variations]"
Added Component: Designator=VR3(DPAK254P1542X450-3N - duplicate)
Add component (AddParameter): Name = "LatestRevisionDate"; Value = "29-May-2009"; VariantName = "[No Variations]"
Add component (AddParameter): Name = "LatestRevisionNote"; Value = "IPC-7351 Footprint Added."; VariantName = "[No Variations]"
Add component (AddParameter): Name = "PackageDescription"; Value = "3-Pin Transistor Outline Package 2.54 mm Pitch, 15.1 mm Lead Span"; VariantName = "[No Variations]"
Add component (AddParameter): Name = "PackageReference"; Value = "D2PAK"; VariantName = "[No Variations]"
Add component (AddParameter): Name = "Published"; Value = "24-Mar-1999"; VariantName = "[No Variations]"
Add component (AddParameter): Name = "Publisher"; Value = "Altium Limited"; VariantName = "[No Variations]"
Added Component: Designator=VR4(SOT230P700X180-4N)
Add component (AddParameter): Name = "LatestRevisionDate"; Value = "29-May-2009"; VariantName = "[No Variations]"
Add component (AddParameter): Name = "LatestRevisionNote"; Value = "IPC-7351 Footprint Added."; VariantName = "[No Variations]"
Add component (AddParameter): Name = "PackageDescription"; Value = "3-Pin Transistor Outline Package 2.54 mm Pitch, 15.1 mm Lead Span"; VariantName = "[No Variations]"
Add component (AddParameter): Name = "PackageReference"; Value = "D2PAK"; VariantName = "[No Variations]"
Add component (AddParameter): Name = "Published"; Value = "24-Mar-1999"; VariantName = "[No Variations]"
Add component (AddParameter): Name = "Publisher"; Value = "Altium Limited"; VariantName = "[No Variations]"
Added Pin To Net: NetName=NetC1_1 Pin=C1-1
Added Pin To Net: NetName=GNDAUX Pin=C1-2
Added Pin To Net: NetName=NetC1_1 Pin=C2-1
Added Pin To Net: NetName=GNDAUX Pin=C2-2
Added Pin To Net: NetName=HV Pin=C3-1
Added Pin To Net: NetName=GNDAUX Pin=C3-2
Added Pin To Net: NetName=HV Pin=C4-1
Added Pin To Net: NetName=GNDAUX Pin=C4-2
Added Pin To Net: NetName=NetC5_1 Pin=C5-1
Added Pin To Net: NetName=HV Pin=C5-2
Added Pin To Net: NetName=GNDA Pin=C6-1
Added Pin To Net: NetName=NetC6_2 Pin=C6-2
Added Pin To Net: NetName=NetC6_2 Pin=C7-1
Added Pin To Net: NetName=GNDA Pin=C7-2
Added Pin To Net: NetName=NetC6_2 Pin=C8-1
Added Pin To Net: NetName=GNDA Pin=C8-2
Added Pin To Net: NetName=GNDB Pin=C9-1
Added Pin To Net: NetName=NetC9_2 Pin=C9-2
Added Pin To Net: NetName=NetC9_2 Pin=C10-1
Added Pin To Net: NetName=GNDB Pin=C10-2
Added Pin To Net: NetName=NetC9_2 Pin=C11-1
Added Pin To Net: NetName=GNDB Pin=C11-2
Added Pin To Net: NetName=VCC_AUX Pin=C12-1
Added Pin To Net: NetName=GNDAUX Pin=C12-2
Added Pin To Net: NetName=GNDAUX Pin=C13-1
Added Pin To Net: NetName=VCC_AUX Pin=C13-2
Added Pin To Net: NetName=VCC_AUX Pin=C14-1
Added Pin To Net: NetName=GNDAUX Pin=C14-2
Added Pin To Net: NetName=GNDAUX Pin=C15-1
Added Pin To Net: NetName=NetC15_2 Pin=C15-2
Added Pin To Net: NetName=NetC16_1 Pin=C16-1
Added Pin To Net: NetName=FB Pin=C16-2
Added Pin To Net: NetName=NetC17_1 Pin=C17-1
Added Pin To Net: NetName=NetC17_2 Pin=C17-2
Added Pin To Net: NetName=NetC18_1 Pin=C18-1
Added Pin To Net: NetName=GNDA Pin=C18-2
Added Pin To Net: NetName=GNDA Pin=C19-1
Added Pin To Net: NetName=NetC18_1 Pin=C19-2
Added Pin To Net: NetName=NetC20_1 Pin=C20-1
Added Pin To Net: NetName=GNDA Pin=C20-2
Added Pin To Net: NetName=GNDA Pin=C21-1
Added Pin To Net: NetName=NetC20_1 Pin=C21-2
Added Pin To Net: NetName=NetC22_1 Pin=C22-1
Added Pin To Net: NetName=GNDB Pin=C22-2
Added Pin To Net: NetName=GNDB Pin=C23-1
Added Pin To Net: NetName=NetC22_1 Pin=C23-2
Added Pin To Net: NetName=NetC24_1 Pin=C24-1
Added Pin To Net: NetName=GNDB Pin=C24-2
Added Pin To Net: NetName=GNDB Pin=C25-1
Added Pin To Net: NetName=NetC24_1 Pin=C25-2
Added Pin To Net: NetName=NetC1_1 Pin=D1-1
Added Pin To Net: NetName=NEUTRAL Pin=D1-2
Added Pin To Net: NetName=GNDAUX Pin=D1-3
Added Pin To Net: NetName=LIVE Pin=D1-4
Added Pin To Net: NetName=HV Pin=D3-1
Added Pin To Net: NetName=NetD3_2 Pin=D3-2
Added Pin To Net: NetName=NetD4_1 Pin=D4-1
Added Pin To Net: NetName=NetD3_2 Pin=D4-2
Added Pin To Net: NetName=NetD4_1 Pin=D6-1
Added Pin To Net: NetName=NetD6_2 Pin=D6-2
Added Pin To Net: NetName=NetD7_1 Pin=D7-1
Added Pin To Net: NetName=VCC_AUX Pin=D7-2
Added Pin To Net: NetName=NetD7_1 Pin=D8-1
Added Pin To Net: NetName=VCC_AUX Pin=D8-2
Added Pin To Net: NetName=NetC1_1 Pin=L1-1
Added Pin To Net: NetName=HV Pin=L1-2
Added Pin To Net: NetName=NEUTRAL Pin=P1-1
Added Pin To Net: NetName=NEUTRAL Pin=P1-2
Added Pin To Net: NetName=NEUTRAL Pin=P1-3
Added Pin To Net: NetName=NEUTRAL Pin=P1-4
Added Pin To Net: NetName=LIVE Pin=P1-9
Added Pin To Net: NetName=LIVE Pin=P1-10
Added Pin To Net: NetName=LIVE Pin=P1-11
Added Pin To Net: NetName=LIVE Pin=P1-12
Added Pin To Net: NetName=NetC6_2 Pin=P2-1
Added Pin To Net: NetName=NetC20_1 Pin=P2-2
Added Pin To Net: NetName=NetC18_1 Pin=P2-3
Added Pin To Net: NetName=NetC18_1 Pin=P2-4
Added Pin To Net: NetName=NetC20_1 Pin=P2-5
Added Pin To Net: NetName=NetC6_2 Pin=P2-6
Added Pin To Net: NetName=NetC24_1 Pin=P2-7
Added Pin To Net: NetName=NetC9_2 Pin=P2-8
Added Pin To Net: NetName=NetC22_1 Pin=P2-9
Added Pin To Net: NetName=NetC22_1 Pin=P2-10
Added Pin To Net: NetName=NetC9_2 Pin=P2-11
Added Pin To Net: NetName=NetC24_1 Pin=P2-12
Added Pin To Net: NetName=NetQ1_1 Pin=Q1-1
Added Pin To Net: NetName=NetD4_1 Pin=Q1-2
Added Pin To Net: NetName=NetQ1_3 Pin=Q1-3
Added Pin To Net: NetName=NetC5_1 Pin=R1-1
Added Pin To Net: NetName=HV Pin=R1-2
Added Pin To Net: NetName=NetD6_2 Pin=R2-1
Added Pin To Net: NetName=NetC5_1 Pin=R2-2
Added Pin To Net: NetName=DRV Pin=R3-1
Added Pin To Net: NetName=NetQ1_1 Pin=R3-2
Added Pin To Net: NetName=VS Pin=R4-1
Added Pin To Net: NetName=VCC_AUX Pin=R4-2
Added Pin To Net: NetName=NetQ1_3 Pin=R5-1
Added Pin To Net: NetName=NetQ1_1 Pin=R5-2
Added Pin To Net: NetName=CS Pin=R6-1
Added Pin To Net: NetName=NetQ1_3 Pin=R6-2
Added Pin To Net: NetName=GNDAUX Pin=R7-1
Added Pin To Net: NetName=VS Pin=R7-2
Added Pin To Net: NetName=GNDAUX Pin=R8-1
Added Pin To Net: NetName=NetQ1_3 Pin=R8-2
Added Pin To Net: NetName=NetC15_2 Pin=R9-1
Added Pin To Net: NetName=GNDAUX Pin=R9-2
Added Pin To Net: NetName=NetR10_1 Pin=R10-1
Added Pin To Net: NetName=NetC9_2 Pin=R10-2
Added Pin To Net: NetName=NetC9_2 Pin=R11-1
Added Pin To Net: NetName=NetC17_2 Pin=R11-2
Added Pin To Net: NetName=NetC15_2 Pin=R12-1
Added Pin To Net: NetName=VCC_AUX Pin=R12-2
Added Pin To Net: NetName=NetC17_1 Pin=R13-1
Added Pin To Net: NetName=NetR10_1 Pin=R13-2
Added Pin To Net: NetName=FB Pin=R14-1
Added Pin To Net: NetName=NetC16_1 Pin=R14-2
Added Pin To Net: NetName=GNDAUX Pin=R15-1
Added Pin To Net: NetName=FB Pin=R15-2
Added Pin To Net: NetName=NetC17_2 Pin=R16-1
Added Pin To Net: NetName=NetC17_1 Pin=R16-2
Added Pin To Net: NetName=GNDB Pin=R17-1
Added Pin To Net: NetName=NetC17_2 Pin=R17-2
Added Pin To Net: NetName=HV Pin=T1-1
Added Pin To Net: NetName=NetD4_1 Pin=T1-2
Added Pin To Net: NetName=NetD2_1 Pin=T1-4
Added Pin To Net: NetName=GNDA Pin=T1-5
Added Pin To Net: NetName=NetD5_1 Pin=T1-6
Added Pin To Net: NetName=GNDB Pin=T1-7
Added Pin To Net: NetName=GNDAUX Pin=T1-9
Added Pin To Net: NetName=NetD7_1 Pin=T1-10
Added Pin To Net: NetName=VS Pin=TP1-1
Added Pin To Net: NetName=VCC_AUX Pin=U1-1
Added Pin To Net: NetName=VS Pin=U1-2
Added Pin To Net: NetName=FB Pin=U1-3
Added Pin To Net: NetName=GNDAUX Pin=U1-4
Added Pin To Net: NetName=CS Pin=U1-5
Added Pin To Net: NetName=DRV Pin=U1-6
Added Pin To Net: NetName=HV Pin=U1-8
Added Pin To Net: NetName=NetR10_1 Pin=U2-1
Added Pin To Net: NetName=NetC17_1 Pin=U2-2
Added Pin To Net: NetName=NetC16_1 Pin=U2-3
Added Pin To Net: NetName=NetC15_2 Pin=U2-4
Added Pin To Net: NetName=NetC17_1 Pin=U3-1
Added Pin To Net: NetName=NetC17_2 Pin=U3-2
Added Pin To Net: NetName=GNDB Pin=U3-3
Added Pin To Net: NetName=NetC6_2 Pin=VR1-1
Added Pin To Net: NetName=GNDA Pin=VR1-2
Added Pin To Net: NetName=NetC18_1 Pin=VR1-3
Added Pin To Net: NetName=NetC18_1 Pin=VR2-1
Added Pin To Net: NetName=GNDA Pin=VR2-2
Added Pin To Net: NetName=NetC20_1 Pin=VR2-3
Added Pin To Net: NetName=NetC9_2 Pin=VR3-1
Added Pin To Net: NetName=GNDB Pin=VR3-2
Added Pin To Net: NetName=NetC22_1 Pin=VR3-3
Added Pin To Net: NetName=NetC22_1 Pin=VR4-1
Added Pin To Net: NetName=GNDB Pin=VR4-2
Added Pin To Net: NetName=NetC24_1 Pin=VR4-3
Added Member To Class: ClassName=Auxillary_Supply_UCC28740 Member=Component C1 400V
Added Member To Class: ClassName=Auxillary_Supply_UCC28740 Member=Component C2 400V
Added Member To Class: ClassName=Auxillary_Supply_UCC28740 Member=Component C3 400V
Added Member To Class: ClassName=Auxillary_Supply_UCC28740 Member=Component C4 400V
Added Member To Class: ClassName=Auxillary_Supply_UCC28740 Member=Component C5 Cap_1206
Added Member To Class: ClassName=Auxillary_Supply_UCC28740 Member=Component C6 Cap_1206
Added Member To Class: ClassName=Auxillary_Supply_UCC28740 Member=Component C7 100uF
Added Member To Class: ClassName=Auxillary_Supply_UCC28740 Member=Component C8 100uF
Added Member To Class: ClassName=Auxillary_Supply_UCC28740 Member=Component C9 Cap_1206
Added Member To Class: ClassName=Auxillary_Supply_UCC28740 Member=Component C10 100uF
Added Member To Class: ClassName=Auxillary_Supply_UCC28740 Member=Component C11 100uF
Added Member To Class: ClassName=Auxillary_Supply_UCC28740 Member=Component C12 47uF
Added Member To Class: ClassName=Auxillary_Supply_UCC28740 Member=Component C13 Cap_1206
Added Member To Class: ClassName=Auxillary_Supply_UCC28740 Member=Component C14 47uF
Added Member To Class: ClassName=Auxillary_Supply_UCC28740 Member=Component C15 Cap_0805
Added Member To Class: ClassName=Auxillary_Supply_UCC28740 Member=Component C16 Cap_0805
Added Member To Class: ClassName=Auxillary_Supply_UCC28740 Member=Component C17 Cap_0805
Added Member To Class: ClassName=Auxillary_Supply_UCC28740 Member=Component C18 47uF
Added Member To Class: ClassName=Auxillary_Supply_UCC28740 Member=Component C19 Cap_1206
Added Member To Class: ClassName=Auxillary_Supply_UCC28740 Member=Component C20 47uF
Added Member To Class: ClassName=Auxillary_Supply_UCC28740 Member=Component C21 Cap_1206
Added Member To Class: ClassName=Auxillary_Supply_UCC28740 Member=Component C22 47uF
Added Member To Class: ClassName=Auxillary_Supply_UCC28740 Member=Component C23 Cap_1206
Added Member To Class: ClassName=Auxillary_Supply_UCC28740 Member=Component C24 47uF
Added Member To Class: ClassName=Auxillary_Supply_UCC28740 Member=Component C25 Cap_1206
Added Member To Class: ClassName=Auxillary_Supply_UCC28740 Member=Component D1 DF10M
Added Member To Class: ClassName=Auxillary_Supply_UCC28740 Member=Component D2 STPS3030C6
Added Member To Class: ClassName=Auxillary_Supply_UCC28740 Member=Component D3 SMBJ33A
Added Member To Class: ClassName=Auxillary_Supply_UCC28740 Member=Component D4 SS36-E3/57T
Added Member To Class: ClassName=Auxillary_Supply_UCC28740 Member=Component D5 STPS3030C6
Added Member To Class: ClassName=Auxillary_Supply_UCC28740 Member=Component D6 SS36-E3/57T
Added Member To Class: ClassName=Auxillary_Supply_UCC28740 Member=Component D7 B360A-13-F
Added Member To Class: ClassName=Auxillary_Supply_UCC28740 Member=Component D8 B360A-13-F
Added Member To Class: ClassName=Auxillary_Supply_UCC28740 Member=Component L1 CDRH127NP-100MC
Added Member To Class: ClassName=Auxillary_Supply_UCC28740 Member=Component P1 Header 6X2H
Added Member To Class: ClassName=Auxillary_Supply_UCC28740 Member=Component P2 Header 6X2H
Added Member To Class: ClassName=Auxillary_Supply_UCC28740 Member=Component Q1 NMOS-2
Added Member To Class: ClassName=Auxillary_Supply_UCC28740 Member=Component R1 Res_1206
Added Member To Class: ClassName=Auxillary_Supply_UCC28740 Member=Component R2 Res_1206
Added Member To Class: ClassName=Auxillary_Supply_UCC28740 Member=Component R3 Res_1206
Added Member To Class: ClassName=Auxillary_Supply_UCC28740 Member=Component R4 Res_0805
Added Member To Class: ClassName=Auxillary_Supply_UCC28740 Member=Component R5 10K
Added Member To Class: ClassName=Auxillary_Supply_UCC28740 Member=Component R6 Res_1206
Added Member To Class: ClassName=Auxillary_Supply_UCC28740 Member=Component R7 Res_0805
Added Member To Class: ClassName=Auxillary_Supply_UCC28740 Member=Component R8 Res_2512
Added Member To Class: ClassName=Auxillary_Supply_UCC28740 Member=Component R9 Res_0805
Added Member To Class: ClassName=Auxillary_Supply_UCC28740 Member=Component R10 Res_0805
Added Member To Class: ClassName=Auxillary_Supply_UCC28740 Member=Component R11 Res_0805
Added Member To Class: ClassName=Auxillary_Supply_UCC28740 Member=Component R12 Res_0805
Added Member To Class: ClassName=Auxillary_Supply_UCC28740 Member=Component R13 Res_0805
Added Member To Class: ClassName=Auxillary_Supply_UCC28740 Member=Component R14 Res_0805
Added Member To Class: ClassName=Auxillary_Supply_UCC28740 Member=Component R15 Res_0805
Added Member To Class: ClassName=Auxillary_Supply_UCC28740 Member=Component R16 Res_0805
Added Member To Class: ClassName=Auxillary_Supply_UCC28740 Member=Component R17 Res_0805
Added Member To Class: ClassName=Auxillary_Supply_UCC28740 Member=Component T1 EE25-Epcos Horizontal
Added Member To Class: ClassName=Auxillary_Supply_UCC28740 Member=Component TP1 Test Point
Added Member To Class: ClassName=Auxillary_Supply_UCC28740 Member=Component U1 UCC28740-Q1
Added Member To Class: ClassName=Auxillary_Supply_UCC28740 Member=Component U2 PC817
Added Member To Class: ClassName=Auxillary_Supply_UCC28740 Member=Component U3 TL431ACDBZR
Added Member To Class: ClassName=Auxillary_Supply_UCC28740 Member=Component VR1 L7805
Added Member To Class: ClassName=Auxillary_Supply_UCC28740 Member=Component VR2 LD1117-3.3
Added Member To Class: ClassName=Auxillary_Supply_UCC28740 Member=Component VR3 L7805
Added Member To Class: ClassName=Auxillary_Supply_UCC28740 Member=Component VR4 LD1117-3.3
Added Room: Name=Auxillary_Supply_UCC28740
