Change Component Designator: OldDesignator=D1 NewDesignator=D2
Change Component Designator: OldDesignator=D2 NewDesignator=D3
Change Component Designator: OldDesignator=D3 NewDesignator=D4
Change Component Designator: OldDesignator=D4 NewDesignator=D5
Change Component Designator: OldDesignator=D5 NewDesignator=D6
Change Component Designator: OldDesignator=D6 NewDesignator=D7
Change Component Designator: OldDesignator=D7 NewDesignator=D8
Added Component: Designator=D1(DF10M)
Added Pin To Net: NetName=HV Pin=D1-1
Added Pin To Net: NetName=GNDAUX Pin=D1-2
Added Pin To Net: NetName=LIVE Pin=D1-3
Added Pin To Net: NetName=NEUTRAL Pin=D1-4
Change Net Name : Old Net Name=NetD1_1 New Net Name=NetD2_1
Change Net Name : Old Net Name=NetD2_2 New Net Name=NetD3_2
Change Net Name : Old Net Name=NetD3_1 New Net Name=NetD4_1
Change Net Name : Old Net Name=NetD4_1 New Net Name=NetD5_1
Change Net Name : Old Net Name=NetD5_2 New Net Name=NetD6_2
Change Net Name : Old Net Name=NetD6_1 New Net Name=NetD7_1
Added Member To Class: ClassName=Auxillary_Supply_UCC28740 Member=Component D6 SS36-E3/57T
Added Member To Class: ClassName=Auxillary_Supply_UCC28740 Member=Component D8 B360A-13-F
Added Room: Name=Auxillary_Supply_UCC28740
Change Rule Scope 1 : Old Scope=InNet('NetD3_1') New Scope=InNet('NetD4_1')
Change Rule Scope 1 : Old Scope=InNet('NetD3_1') New Scope=InNet('NetD4_1')
