Added Member To Class: ClassName=Auxillary_Supply_UCC28740 Member=Component C22 Cap_0805
Added Member To Class: ClassName=Auxillary_Supply_UCC28740 Member=Component C23 Cap_1206
Added Member To Class: ClassName=Auxillary_Supply_UCC28740 Member=Component C25 Cap_1206
Added Member To Class: ClassName=Auxillary_Supply_UCC28740 Member=Component R2 Res_1206
Added Member To Class: ClassName=Auxillary_Supply_UCC28740 Member=Component R3 Res_1206
Added Member To Class: ClassName=Auxillary_Supply_UCC28740 Member=Component R6 Res_0805
Added Member To Class: ClassName=Auxillary_Supply_UCC28740 Member=Component R8 Res_1206
Added Member To Class: ClassName=Auxillary_Supply_UCC28740 Member=Component R10 Res_0805
Added Member To Class: ClassName=Auxillary_Supply_UCC28740 Member=Component R11 Res_2512
Added Member To Class: ClassName=Auxillary_Supply_UCC28740 Member=Component R12 Res_1206
Added Member To Class: ClassName=Auxillary_Supply_UCC28740 Member=Component R14 Res_0805
Added Member To Class: ClassName=Auxillary_Supply_UCC28740 Member=Component R15 Res_0805
Added Member To Class: ClassName=Auxillary_Supply_UCC28740 Member=Component R16 Res_0805
Added Member To Class: ClassName=Auxillary_Supply_UCC28740 Member=Component R17 Res_0805
Added Member To Class: ClassName=Auxillary_Supply_UCC28740 Member=Component R19 Res_0805
Added Member To Class: ClassName=Auxillary_Supply_UCC28740 Member=Component R20 Res_0805
Added Member To Class: ClassName=Auxillary_Supply_UCC28740 Member=Component R21 Res_0805
Added Member To Class: ClassName=Auxillary_Supply_UCC28740 Member=Component R23 Res_0805
Added Member To Class: ClassName=Auxillary_Supply_UCC28740 Member=Component R24 Res_0805
Added Member To Class: ClassName=Auxillary_Supply_UCC28740 Member=Component R25 Res_0805
Added Room: Name=Auxillary_Supply_UCC28740
Change Rule Scope 1 : Old Scope=InNet('HV') New Scope=InNet('NetD4_1')
Change Rule Scope 2 : Old Scope=InNetClass('All Nets') New Scope=All
