Removed Pin From Net: NetName=GNDA Pin=P1-5
Removed Pin From Net: NetName=GNDA Pin=P1-6
Removed Pin From Net: NetName=GNDB Pin=P1-7
Removed Pin From Net: NetName=GNDB Pin=P1-8
Added Component: Designator=C31(PNSC-FP-V-C_V)
Add component (AddParameter): Name = "Capacitance"; Value = "22µF"; VariantName = "[No Variations]"
Add component (AddParameter): Name = "Case Size/Dimension"; Value = "Ø5x5.8mm"; VariantName = "[No Variations]"
Add component (AddParameter): Name = "Datasheet URL"; Value = "http://industrial.panasonic.com/cdbs/www-data/pdf/RDE0000/ABA0000C1184.pdf"; VariantName = "[No Variations]"
Add component (AddParameter): Name = "Datasheet Version"; Value = "03/2016"; VariantName = "[No Variations]"
Add component (AddParameter): Name = "ESR (Equivalent Series Resistance)"; Value = "0.36O"; VariantName = "[No Variations]"
Add component (AddParameter): Name = "Lifetime@Temperature"; Value = "2000Hrs@105°C"; VariantName = "[No Variations]"
Add component (AddParameter): Name = "Manufacturer"; Value = "Panasonic"; VariantName = "[No Variations]"
Add component (AddParameter): Name = "Manufacturer URL"; Value = "http://www.panasonic.com/"; VariantName = "[No Variations]"
Add component (AddParameter): Name = "Mounting Technology"; Value = "SurfaceMount"; VariantName = "[No Variations]"
Add component (AddParameter): Name = "Operating Temp Range"; Value = "-55to+105°C"; VariantName = "[No Variations]"
Add component (AddParameter): Name = "Operating Temp-Max"; Value = "105°C"; VariantName = "[No Variations]"
Add component (AddParameter): Name = "Package Description"; Value = "2-Pin Electrolytic Aluminum Capacitor, Body 5.3 x 5.3 mm"; VariantName = "[No Variations]"
Add component (AddParameter): Name = "Package Reference"; Value = "FP-V-C"; VariantName = "[No Variations]"
Add component (AddParameter): Name = "Package URL"; Value = "http://industrial.panasonic.com/cdbs/www-data/pdf/RDE0000/DME0000COL48.pdf"; VariantName = "[No Variations]"
Add component (AddParameter): Name = "Rated Voltage"; Value = "25V"; VariantName = "[No Variations]"
Add component (AddParameter): Name = "Ripple Current"; Value = "240mA"; VariantName = "[No Variations]"
Add component (AddParameter): Name = "Series"; Value = "FP"; VariantName = "[No Variations]"
Add component (AddParameter): Name = "Type"; Value = "Can"; VariantName = "[No Variations]"
Added Component: Designator=C32(Chip_CAP_1206)
Add component (AddParameter): Name = "LatestRevisionDate"; Value = "17-Jul-2002"; VariantName = "[No Variations]"
Add component (AddParameter): Name = "LatestRevisionNote"; Value = "Re-released for DXP Platform."; VariantName = "[No Variations]"
Add component (AddParameter): Name = "PackageDescription"; Value = "Radial Cap, Thru-Hole; 2 Leads; 0.3 in Pin Spacing"; VariantName = "[No Variations]"
Add component (AddParameter): Name = "PackageReference"; Value = "RAD-0.3"; VariantName = "[No Variations]"
Add component (AddParameter): Name = "Published"; Value = "8-Jun-2000"; VariantName = "[No Variations]"
Add component (AddParameter): Name = "Publisher"; Value = "Altium Limited"; VariantName = "[No Variations]"
Add component (AddParameter): Name = "Value"; Value = "100nF"; VariantName = "[No Variations]"
Added Component: Designator=C33(PNSC-FP-V-C_V)
Add component (AddParameter): Name = "Capacitance"; Value = "22µF"; VariantName = "[No Variations]"
Add component (AddParameter): Name = "Case Size/Dimension"; Value = "Ø5x5.8mm"; VariantName = "[No Variations]"
Add component (AddParameter): Name = "Datasheet URL"; Value = "http://industrial.panasonic.com/cdbs/www-data/pdf/RDE0000/ABA0000C1184.pdf"; VariantName = "[No Variations]"
Add component (AddParameter): Name = "Datasheet Version"; Value = "03/2016"; VariantName = "[No Variations]"
Add component (AddParameter): Name = "ESR (Equivalent Series Resistance)"; Value = "0.36O"; VariantName = "[No Variations]"
Add component (AddParameter): Name = "Lifetime@Temperature"; Value = "2000Hrs@105°C"; VariantName = "[No Variations]"
Add component (AddParameter): Name = "Manufacturer"; Value = "Panasonic"; VariantName = "[No Variations]"
Add component (AddParameter): Name = "Manufacturer URL"; Value = "http://www.panasonic.com/"; VariantName = "[No Variations]"
Add component (AddParameter): Name = "Mounting Technology"; Value = "SurfaceMount"; VariantName = "[No Variations]"
Add component (AddParameter): Name = "Operating Temp Range"; Value = "-55to+105°C"; VariantName = "[No Variations]"
Add component (AddParameter): Name = "Operating Temp-Max"; Value = "105°C"; VariantName = "[No Variations]"
Add component (AddParameter): Name = "Package Description"; Value = "2-Pin Electrolytic Aluminum Capacitor, Body 5.3 x 5.3 mm"; VariantName = "[No Variations]"
Add component (AddParameter): Name = "Package Reference"; Value = "FP-V-C"; VariantName = "[No Variations]"
Add component (AddParameter): Name = "Package URL"; Value = "http://industrial.panasonic.com/cdbs/www-data/pdf/RDE0000/DME0000COL48.pdf"; VariantName = "[No Variations]"
Add component (AddParameter): Name = "Rated Voltage"; Value = "25V"; VariantName = "[No Variations]"
Add component (AddParameter): Name = "Ripple Current"; Value = "240mA"; VariantName = "[No Variations]"
Add component (AddParameter): Name = "Series"; Value = "FP"; VariantName = "[No Variations]"
Add component (AddParameter): Name = "Type"; Value = "Can"; VariantName = "[No Variations]"
Added Component: Designator=C34(Chip_CAP_1206)
Add component (AddParameter): Name = "LatestRevisionDate"; Value = "17-Jul-2002"; VariantName = "[No Variations]"
Add component (AddParameter): Name = "LatestRevisionNote"; Value = "Re-released for DXP Platform."; VariantName = "[No Variations]"
Add component (AddParameter): Name = "PackageDescription"; Value = "Radial Cap, Thru-Hole; 2 Leads; 0.3 in Pin Spacing"; VariantName = "[No Variations]"
Add component (AddParameter): Name = "PackageReference"; Value = "RAD-0.3"; VariantName = "[No Variations]"
Add component (AddParameter): Name = "Published"; Value = "8-Jun-2000"; VariantName = "[No Variations]"
Add component (AddParameter): Name = "Publisher"; Value = "Altium Limited"; VariantName = "[No Variations]"
Add component (AddParameter): Name = "Value"; Value = "100nF"; VariantName = "[No Variations]"
Added Component: Designator=D10(DIOD-B360A_V)
Add component (AddParameter): Name = "Brand"; Value = "DiodesIncorporated"; VariantName = "[No Variations]"
Add component (AddParameter): Name = "Configuration"; Value = "Single"; VariantName = "[No Variations]"
Add component (AddParameter): Name = "Datasheet URL"; Value = "https://datasheet.ciiva.com/914/ds30891-914080.pdf"; VariantName = "[No Variations]"
Add component (AddParameter): Name = "Datasheet Version"; Value = "Rev. 15-2, 09/2014"; VariantName = "[No Variations]"
Add component (AddParameter): Name = "Factory Pack Quantity"; Value = "5000"; VariantName = "[No Variations]"
Add component (AddParameter): Name = "Height"; Value = "2.3mm"; VariantName = "[No Variations]"
Add component (AddParameter): Name = "If - Forward Current"; Value = "3A"; VariantName = "[No Variations]"
Add component (AddParameter): Name = "Ifsm - Forward Surge Current"; Value = "80A"; VariantName = "[No Variations]"
Add component (AddParameter): Name = "Ir - Reverse Current"; Value = "500uA"; VariantName = "[No Variations]"
Add component (AddParameter): Name = "Length"; Value = "4.6mm"; VariantName = "[No Variations]"
Add component (AddParameter): Name = "Manufacturer"; Value = "DiodesIncorporated"; VariantName = "[No Variations]"
Add component (AddParameter): Name = "Manufacturer URL"; Value = "http://www.diodes.com/"; VariantName = "[No Variations]"
Add component (AddParameter): Name = "Maximum Operating Temperature"; Value = "+125C"; VariantName = "[No Variations]"
Add component (AddParameter): Name = "Minimum Operating Temperature"; Value = "-55C"; VariantName = "[No Variations]"
Add component (AddParameter): Name = "Mounting Style"; Value = "SMD/SMT"; VariantName = "[No Variations]"
Add component (AddParameter): Name = "Mounting Technology"; Value = "SurfaceMount"; VariantName = "[No Variations]"
Add component (AddParameter): Name = "Operating Temperature Range"; Value = "-55Cto+125C"; VariantName = "[No Variations]"
Add component (AddParameter): Name = "Package / Case"; Value = "SMA"; VariantName = "[No Variations]"
Add component (AddParameter): Name = "Package Description"; Value = "2-Pin Surface Mount Device, Body 4.3 x 2.605 mm"; VariantName = "[No Variations]"
Add component (AddParameter): Name = "Package Reference"; Value = "B360A"; VariantName = "[No Variations]"
Add component (AddParameter): Name = "Packaging"; Value = "Reel"; VariantName = "[No Variations]"
Add component (AddParameter): Name = "Product"; Value = "SchottkyDiodes"; VariantName = "[No Variations]"
Add component (AddParameter): Name = "Product Category"; Value = "SchottkyDiodes&Rectifiers"; VariantName = "[No Variations]"
Add component (AddParameter): Name = "RoHS"; Value = "True"; VariantName = "[No Variations]"
Add component (AddParameter): Name = "Series"; Value = "B360"; VariantName = "[No Variations]"
Add component (AddParameter): Name = "Technology"; Value = "Si"; VariantName = "[No Variations]"
Add component (AddParameter): Name = "Termination Style"; Value = "SMD/SMT"; VariantName = "[No Variations]"
Add component (AddParameter): Name = "Type"; Value = "SchottkyBarrierRectifier"; VariantName = "[No Variations]"
Add component (AddParameter): Name = "Unit Weight"; Value = "0.002258oz"; VariantName = "[No Variations]"
Add component (AddParameter): Name = "Vf - Forward Voltage"; Value = "0.7V"; VariantName = "[No Variations]"
Add component (AddParameter): Name = "Vrrm - Repetitive Reverse Voltage"; Value = "60V"; VariantName = "[No Variations]"
Add component (AddParameter): Name = "Width"; Value = "2.92mm"; VariantName = "[No Variations]"
Added Component: Designator=D11(DIOD-B360A_V)
Add component (AddParameter): Name = "Brand"; Value = "DiodesIncorporated"; VariantName = "[No Variations]"
Add component (AddParameter): Name = "Configuration"; Value = "Single"; VariantName = "[No Variations]"
Add component (AddParameter): Name = "Datasheet URL"; Value = "https://datasheet.ciiva.com/914/ds30891-914080.pdf"; VariantName = "[No Variations]"
Add component (AddParameter): Name = "Datasheet Version"; Value = "Rev. 15-2, 09/2014"; VariantName = "[No Variations]"
Add component (AddParameter): Name = "Factory Pack Quantity"; Value = "5000"; VariantName = "[No Variations]"
Add component (AddParameter): Name = "Height"; Value = "2.3mm"; VariantName = "[No Variations]"
Add component (AddParameter): Name = "If - Forward Current"; Value = "3A"; VariantName = "[No Variations]"
Add component (AddParameter): Name = "Ifsm - Forward Surge Current"; Value = "80A"; VariantName = "[No Variations]"
Add component (AddParameter): Name = "Ir - Reverse Current"; Value = "500uA"; VariantName = "[No Variations]"
Add component (AddParameter): Name = "Length"; Value = "4.6mm"; VariantName = "[No Variations]"
Add component (AddParameter): Name = "Manufacturer"; Value = "DiodesIncorporated"; VariantName = "[No Variations]"
Add component (AddParameter): Name = "Manufacturer URL"; Value = "http://www.diodes.com/"; VariantName = "[No Variations]"
Add component (AddParameter): Name = "Maximum Operating Temperature"; Value = "+125C"; VariantName = "[No Variations]"
Add component (AddParameter): Name = "Minimum Operating Temperature"; Value = "-55C"; VariantName = "[No Variations]"
Add component (AddParameter): Name = "Mounting Style"; Value = "SMD/SMT"; VariantName = "[No Variations]"
Add component (AddParameter): Name = "Mounting Technology"; Value = "SurfaceMount"; VariantName = "[No Variations]"
Add component (AddParameter): Name = "Operating Temperature Range"; Value = "-55Cto+125C"; VariantName = "[No Variations]"
Add component (AddParameter): Name = "Package / Case"; Value = "SMA"; VariantName = "[No Variations]"
Add component (AddParameter): Name = "Package Description"; Value = "2-Pin Surface Mount Device, Body 4.3 x 2.605 mm"; VariantName = "[No Variations]"
Add component (AddParameter): Name = "Package Reference"; Value = "B360A"; VariantName = "[No Variations]"
Add component (AddParameter): Name = "Packaging"; Value = "Reel"; VariantName = "[No Variations]"
Add component (AddParameter): Name = "Product"; Value = "SchottkyDiodes"; VariantName = "[No Variations]"
Add component (AddParameter): Name = "Product Category"; Value = "SchottkyDiodes&Rectifiers"; VariantName = "[No Variations]"
Add component (AddParameter): Name = "RoHS"; Value = "True"; VariantName = "[No Variations]"
Add component (AddParameter): Name = "Series"; Value = "B360"; VariantName = "[No Variations]"
Add component (AddParameter): Name = "Technology"; Value = "Si"; VariantName = "[No Variations]"
Add component (AddParameter): Name = "Termination Style"; Value = "SMD/SMT"; VariantName = "[No Variations]"
Add component (AddParameter): Name = "Type"; Value = "SchottkyBarrierRectifier"; VariantName = "[No Variations]"
Add component (AddParameter): Name = "Unit Weight"; Value = "0.002258oz"; VariantName = "[No Variations]"
Add component (AddParameter): Name = "Vf - Forward Voltage"; Value = "0.7V"; VariantName = "[No Variations]"
Add component (AddParameter): Name = "Vrrm - Repetitive Reverse Voltage"; Value = "60V"; VariantName = "[No Variations]"
Add component (AddParameter): Name = "Width"; Value = "2.92mm"; VariantName = "[No Variations]"
Added Component: Designator=D12(DIOD-B360A_V)
Add component (AddParameter): Name = "Brand"; Value = "DiodesIncorporated"; VariantName = "[No Variations]"
Add component (AddParameter): Name = "Configuration"; Value = "Single"; VariantName = "[No Variations]"
Add component (AddParameter): Name = "Datasheet URL"; Value = "https://datasheet.ciiva.com/914/ds30891-914080.pdf"; VariantName = "[No Variations]"
Add component (AddParameter): Name = "Datasheet Version"; Value = "Rev. 15-2, 09/2014"; VariantName = "[No Variations]"
Add component (AddParameter): Name = "Factory Pack Quantity"; Value = "5000"; VariantName = "[No Variations]"
Add component (AddParameter): Name = "Height"; Value = "2.3mm"; VariantName = "[No Variations]"
Add component (AddParameter): Name = "If - Forward Current"; Value = "3A"; VariantName = "[No Variations]"
Add component (AddParameter): Name = "Ifsm - Forward Surge Current"; Value = "80A"; VariantName = "[No Variations]"
Add component (AddParameter): Name = "Ir - Reverse Current"; Value = "500uA"; VariantName = "[No Variations]"
Add component (AddParameter): Name = "Length"; Value = "4.6mm"; VariantName = "[No Variations]"
Add component (AddParameter): Name = "Manufacturer"; Value = "DiodesIncorporated"; VariantName = "[No Variations]"
Add component (AddParameter): Name = "Manufacturer URL"; Value = "http://www.diodes.com/"; VariantName = "[No Variations]"
Add component (AddParameter): Name = "Maximum Operating Temperature"; Value = "+125C"; VariantName = "[No Variations]"
Add component (AddParameter): Name = "Minimum Operating Temperature"; Value = "-55C"; VariantName = "[No Variations]"
Add component (AddParameter): Name = "Mounting Style"; Value = "SMD/SMT"; VariantName = "[No Variations]"
Add component (AddParameter): Name = "Mounting Technology"; Value = "SurfaceMount"; VariantName = "[No Variations]"
Add component (AddParameter): Name = "Operating Temperature Range"; Value = "-55Cto+125C"; VariantName = "[No Variations]"
Add component (AddParameter): Name = "Package / Case"; Value = "SMA"; VariantName = "[No Variations]"
Add component (AddParameter): Name = "Package Description"; Value = "2-Pin Surface Mount Device, Body 4.3 x 2.605 mm"; VariantName = "[No Variations]"
Add component (AddParameter): Name = "Package Reference"; Value = "B360A"; VariantName = "[No Variations]"
Add component (AddParameter): Name = "Packaging"; Value = "Reel"; VariantName = "[No Variations]"
Add component (AddParameter): Name = "Product"; Value = "SchottkyDiodes"; VariantName = "[No Variations]"
Add component (AddParameter): Name = "Product Category"; Value = "SchottkyDiodes&Rectifiers"; VariantName = "[No Variations]"
Add component (AddParameter): Name = "RoHS"; Value = "True"; VariantName = "[No Variations]"
Add component (AddParameter): Name = "Series"; Value = "B360"; VariantName = "[No Variations]"
Add component (AddParameter): Name = "Technology"; Value = "Si"; VariantName = "[No Variations]"
Add component (AddParameter): Name = "Termination Style"; Value = "SMD/SMT"; VariantName = "[No Variations]"
Add component (AddParameter): Name = "Type"; Value = "SchottkyBarrierRectifier"; VariantName = "[No Variations]"
Add component (AddParameter): Name = "Unit Weight"; Value = "0.002258oz"; VariantName = "[No Variations]"
Add component (AddParameter): Name = "Vf - Forward Voltage"; Value = "0.7V"; VariantName = "[No Variations]"
Add component (AddParameter): Name = "Vrrm - Repetitive Reverse Voltage"; Value = "60V"; VariantName = "[No Variations]"
Add component (AddParameter): Name = "Width"; Value = "2.92mm"; VariantName = "[No Variations]"
Added Component: Designator=D13(DIOD-B360A_V)
Add component (AddParameter): Name = "Brand"; Value = "DiodesIncorporated"; VariantName = "[No Variations]"
Add component (AddParameter): Name = "Configuration"; Value = "Single"; VariantName = "[No Variations]"
Add component (AddParameter): Name = "Datasheet URL"; Value = "https://datasheet.ciiva.com/914/ds30891-914080.pdf"; VariantName = "[No Variations]"
Add component (AddParameter): Name = "Datasheet Version"; Value = "Rev. 15-2, 09/2014"; VariantName = "[No Variations]"
Add component (AddParameter): Name = "Factory Pack Quantity"; Value = "5000"; VariantName = "[No Variations]"
Add component (AddParameter): Name = "Height"; Value = "2.3mm"; VariantName = "[No Variations]"
Add component (AddParameter): Name = "If - Forward Current"; Value = "3A"; VariantName = "[No Variations]"
Add component (AddParameter): Name = "Ifsm - Forward Surge Current"; Value = "80A"; VariantName = "[No Variations]"
Add component (AddParameter): Name = "Ir - Reverse Current"; Value = "500uA"; VariantName = "[No Variations]"
Add component (AddParameter): Name = "Length"; Value = "4.6mm"; VariantName = "[No Variations]"
Add component (AddParameter): Name = "Manufacturer"; Value = "DiodesIncorporated"; VariantName = "[No Variations]"
Add component (AddParameter): Name = "Manufacturer URL"; Value = "http://www.diodes.com/"; VariantName = "[No Variations]"
Add component (AddParameter): Name = "Maximum Operating Temperature"; Value = "+125C"; VariantName = "[No Variations]"
Add component (AddParameter): Name = "Minimum Operating Temperature"; Value = "-55C"; VariantName = "[No Variations]"
Add component (AddParameter): Name = "Mounting Style"; Value = "SMD/SMT"; VariantName = "[No Variations]"
Add component (AddParameter): Name = "Mounting Technology"; Value = "SurfaceMount"; VariantName = "[No Variations]"
Add component (AddParameter): Name = "Operating Temperature Range"; Value = "-55Cto+125C"; VariantName = "[No Variations]"
Add component (AddParameter): Name = "Package / Case"; Value = "SMA"; VariantName = "[No Variations]"
Add component (AddParameter): Name = "Package Description"; Value = "2-Pin Surface Mount Device, Body 4.3 x 2.605 mm"; VariantName = "[No Variations]"
Add component (AddParameter): Name = "Package Reference"; Value = "B360A"; VariantName = "[No Variations]"
Add component (AddParameter): Name = "Packaging"; Value = "Reel"; VariantName = "[No Variations]"
Add component (AddParameter): Name = "Product"; Value = "SchottkyDiodes"; VariantName = "[No Variations]"
Add component (AddParameter): Name = "Product Category"; Value = "SchottkyDiodes&Rectifiers"; VariantName = "[No Variations]"
Add component (AddParameter): Name = "RoHS"; Value = "True"; VariantName = "[No Variations]"
Add component (AddParameter): Name = "Series"; Value = "B360"; VariantName = "[No Variations]"
Add component (AddParameter): Name = "Technology"; Value = "Si"; VariantName = "[No Variations]"
Add component (AddParameter): Name = "Termination Style"; Value = "SMD/SMT"; VariantName = "[No Variations]"
Add component (AddParameter): Name = "Type"; Value = "SchottkyBarrierRectifier"; VariantName = "[No Variations]"
Add component (AddParameter): Name = "Unit Weight"; Value = "0.002258oz"; VariantName = "[No Variations]"
Add component (AddParameter): Name = "Vf - Forward Voltage"; Value = "0.7V"; VariantName = "[No Variations]"
Add component (AddParameter): Name = "Vrrm - Repetitive Reverse Voltage"; Value = "60V"; VariantName = "[No Variations]"
Add component (AddParameter): Name = "Width"; Value = "2.92mm"; VariantName = "[No Variations]"
Added Component: Designator=L2(WE-PD-L)
Add component (AddParameter): Name = "ComponentLink1Description"; Value = "Manufacturer Link"; VariantName = "[No Variations]"
Add component (AddParameter): Name = "ComponentLink1URL"; Value = "http://www.we-online.com"; VariantName = "[No Variations]"
Add component (AddParameter): Name = "ComponentLink2Description"; Value = "Datasheet"; VariantName = "[No Variations]"
Add component (AddParameter): Name = "ComponentLink2URL"; Value = "http://www.we-online.de/katalog/media/pdf/744771004.pdf"; VariantName = "[No Variations]"
Add component (AddParameter): Name = "DatasheetVersion"; Value = "ver 7, Sep-2006"; VariantName = "[No Variations]"
Add component (AddParameter): Name = "Inductance"; Value = "4.70 ÂµH"; VariantName = "[No Variations]"
Add component (AddParameter): Name = "PackageDescription"; Value = "SMD Inductor, 2-Leads, Body 12.0 x 12.0 mm"; VariantName = "[No Variations]"
Add component (AddParameter): Name = "PackageReference"; Value = "WE-PD-L"; VariantName = "[No Variations]"
Add component (AddParameter): Name = "PackageVersion"; Value = "2006"; VariantName = "[No Variations]"
Added Component: Designator=L3(WE-PD-L)
Add component (AddParameter): Name = "ComponentLink1Description"; Value = "Manufacturer Link"; VariantName = "[No Variations]"
Add component (AddParameter): Name = "ComponentLink1URL"; Value = "http://www.we-online.com"; VariantName = "[No Variations]"
Add component (AddParameter): Name = "ComponentLink2Description"; Value = "Datasheet"; VariantName = "[No Variations]"
Add component (AddParameter): Name = "ComponentLink2URL"; Value = "http://www.we-online.de/katalog/media/pdf/744771004.pdf"; VariantName = "[No Variations]"
Add component (AddParameter): Name = "DatasheetVersion"; Value = "ver 7, Sep-2006"; VariantName = "[No Variations]"
Add component (AddParameter): Name = "Inductance"; Value = "4.70 ÂµH"; VariantName = "[No Variations]"
Add component (AddParameter): Name = "PackageDescription"; Value = "SMD Inductor, 2-Leads, Body 12.0 x 12.0 mm"; VariantName = "[No Variations]"
Add component (AddParameter): Name = "PackageReference"; Value = "WE-PD-L"; VariantName = "[No Variations]"
Add component (AddParameter): Name = "PackageVersion"; Value = "2006"; VariantName = "[No Variations]"
Added Component: Designator=T1(RM10_N87)
Added Pin To Net: NetName=GNDA Pin=C31-1
Added Pin To Net: NetName=GNDA Pin=C32-1
Added Pin To Net: NetName=GNDB Pin=C33-1
Added Pin To Net: NetName=GNDB Pin=C34-1
Added Pin To Net: NetName=NetC21_2 Pin=L2-1
Added Pin To Net: NetName=5V_A Pin=L2-2
Added Pin To Net: NetName=NetC22_2 Pin=L3-1
Added Pin To Net: NetName=5V_C Pin=L3-2
Added Pin To Net: NetName=HV Pin=T1-1
Added Pin To Net: NetName=NetD4_1 Pin=T1-2
Added Pin To Net: NetName=VS_Feed Pin=T1-3
Added Pin To Net: NetName=GNDAUX Pin=T1-4
Added Pin To Net: NetName=GNDC Pin=T1-5
Added Pin To Net: NetName=NetD7_1 Pin=T1-6
Added Pin To Net: NetName=GNDB Pin=T1-8
Added Pin To Net: NetName=NetD5_1 Pin=T1-9
Added Pin To Net: NetName=GNDA Pin=T1-11
Added Pin To Net: NetName=NetD2_1 Pin=T1-12
Added Pin To Net: NetName=-5V_A Pin=C31-2
Added Pin To Net: NetName=-5V_A Pin=C32-2
Added Pin To Net: NetName=-5V_A Pin=D10-1
Added Pin To Net: NetName=-5V_A Pin=D11-1
Added Pin To Net: NetName=-5V_A Pin=P1-5
Added Pin To Net: NetName=-5V_A Pin=P1-6
Added Net: Name=-5V_A
Added Pin To Net: NetName=-5V_B Pin=C33-2
Added Pin To Net: NetName=-5V_B Pin=C34-2
Added Pin To Net: NetName=-5V_B Pin=D12-1
Added Pin To Net: NetName=-5V_B Pin=D13-1
Added Pin To Net: NetName=-5V_B Pin=P1-7
Added Pin To Net: NetName=-5V_B Pin=P1-8
Added Net: Name=-5V_B
Added Pin To Net: NetName=NetD10_2 Pin=D10-2
Added Pin To Net: NetName=NetD10_2 Pin=D11-2
Added Pin To Net: NetName=NetD10_2 Pin=T1-10
Added Net: Name=NetD10_2
Added Pin To Net: NetName=NetD12_2 Pin=D12-2
Added Pin To Net: NetName=NetD12_2 Pin=D13-2
Added Pin To Net: NetName=NetD12_2 Pin=T1-7
Added Net: Name=NetD12_2
Added Member To Class: ClassName=Auxillary_Supply_UCC28740 Member=Component C31 EEEFP1E220AR
Added Member To Class: ClassName=Auxillary_Supply_UCC28740 Member=Component C32 Cap_1206
Added Member To Class: ClassName=Auxillary_Supply_UCC28740 Member=Component C33 EEEFP1E220AR
Added Member To Class: ClassName=Auxillary_Supply_UCC28740 Member=Component C34 Cap_1206
Added Member To Class: ClassName=Auxillary_Supply_UCC28740 Member=Component D10 B360A-13-F
Added Member To Class: ClassName=Auxillary_Supply_UCC28740 Member=Component D11 B360A-13-F
Added Member To Class: ClassName=Auxillary_Supply_UCC28740 Member=Component D12 B360A-13-F
Added Member To Class: ClassName=Auxillary_Supply_UCC28740 Member=Component D13 B360A-13-F
Added Member To Class: ClassName=Auxillary_Supply_UCC28740 Member=Component L2 5.6uH
Added Member To Class: ClassName=Auxillary_Supply_UCC28740 Member=Component L3 5.6uH
Added Member To Class: ClassName=Auxillary_Supply_UCC28740 Member=Component T1 EE25-Epcos Horizontal_12_Pin
Added Room: Name=Auxillary_Supply_UCC28740
